{"numFailedTestSuites":0,"numFailedTests":0,"numPassedTestSuites":46,"numPassedTests":403,"numPendingTestSuites":0,"numPendingTests":0,"numRuntimeErrorTestSuites":0,"numTodoTests":0,"numTotalTestSuites":46,"numTotalTests":403,"openHandles":[],"snapshot":{"added":0,"didUpdate":false,"failure":false,"filesAdded":0,"filesRemoved":0,"filesRemovedList":[],"filesUnmatched":0,"filesUpdated":0,"matched":0,"total":0,"unchecked":0,"uncheckedKeysByFile":[],"unmatched":0,"updated":0},"startTime":1785131327235,"success":true,"testResults":[{"assertionResults":[{"ancestorTitles":["AiChatService"],"duration":8,"failing":false,"failureDetails":[],"failureMessages":[],"fullName":"AiChatService trả lời thường: lưu đúng 2 message USER + AI, relatedModule GENERAL","invocations":1,"location":null,"numPassingAsserts":5,"retryReasons":[],"startAt":1785131330335,"status":"passed","title":"trả lời thường: lưu đúng 2 message USER + AI, relatedModule GENERAL"},{"ancestorTitles":["AiChatService"],"duration":4,"failing":false,"failureDetails":[],"failureMessages":[],"fullName":"AiChatService một vòng read tool rồi trả lời: relatedModule theo module tool","invocations":1,"location":null,"numPassingAsserts":3,"retryReasons":[],"startAt":1785131330344,"status":"passed","title":"một vòng read tool rồi trả lời: relatedModule theo module tool"},{"ancestorTitles":["AiChatService"],"duration":3,"failing":false,"failureDetails":[],"failureMessages":[],"fullName":"AiChatService write tool: tạo pendingAction PENDING, KHÔNG thực thi, ép text round sau","invocations":1,"location":null,"numPassingAsserts":5,"retryReasons":[],"startAt":1785131330348,"status":"passed","title":"write tool: tạo pendingAction PENDING, KHÔNG thực thi, ép text round sau"},{"ancestorTitles":["AiChatService"],"duration":1,"failing":false,"failureDetails":[],"failureMessages":[],"fullName":"AiChatService write tool thứ hai trong cùng lượt bị từ chối","invocations":1,"location":null,"numPassingAsserts":1,"retryReasons":[],"startAt":1785131330352,"status":"passed","title":"write tool thứ hai trong cùng lượt bị từ chối"},{"ancestorTitles":["AiChatService"],"duration":2,"failing":false,"failureDetails":[],"failureMessages":[],"fullName":"AiChatService hết round budget vẫn trả text (gọi cuối tool_choice none)","invocations":1,"location":null,"numPassingAsserts":3,"retryReasons":[],"startAt":1785131330353,"status":"passed","title":"hết round budget vẫn trả text (gọi cuối tool_choice none)"},{"ancestorTitles":["AiChatService"],"duration":14,"failing":false,"failureDetails":[],"failureMessages":[],"fullName":"AiChatService OpenAI lỗi → throw 502 nhưng message USER đã được lưu","invocations":1,"location":null,"numPassingAsserts":3,"retryReasons":[],"startAt":1785131330355,"status":"passed","title":"OpenAI lỗi → throw 502 nhưng message USER đã được lưu"}],"endTime":1785131330370,"message":"","name":"D:\\Code\\SEP490\\FAMILY_CARE_DIGITAL_MANAGEMENT\\server\\src\\modules\\ai-chatbot\\services\\ai-chat.service.spec.ts","startTime":1785131327730,"status":"passed","summary":""},{"assertionResults":[{"ancestorTitles":["CloudflareWorkersAiService"],"duration":9,"failing":false,"failureDetails":[],"failureMessages":[],"fullName":"CloudflareWorkersAiService parses SAFE structured output","invocations":1,"location":null,"numPassingAsserts":1,"retryReasons":[],"startAt":1785131330718,"status":"passed","title":"parses SAFE structured output"},{"ancestorTitles":["CloudflareWorkersAiService"],"duration":3,"failing":false,"failureDetails":[],"failureMessages":[],"fullName":"CloudflareWorkersAiService parses NEED_REVIEW structured output","invocations":1,"location":null,"numPassingAsserts":1,"retryReasons":[],"startAt":1785131330728,"status":"passed","title":"parses NEED_REVIEW structured output"},{"ancestorTitles":["CloudflareWorkersAiService"],"duration":3,"failing":false,"failureDetails":[],"failureMessages":[],"fullName":"CloudflareWorkersAiService parses FLAGGED structured output","invocations":1,"location":null,"numPassingAsserts":1,"retryReasons":[],"startAt":1785131330732,"status":"passed","title":"parses FLAGGED structured output"},{"ancestorTitles":["CloudflareWorkersAiService"],"duration":2,"failing":false,"failureDetails":[],"failureMessages":[],"fullName":"CloudflareWorkersAiService rejects invalid JSON","invocations":1,"location":null,"numPassingAsserts":1,"retryReasons":[],"startAt":1785131330735,"status":"passed","title":"rejects invalid JSON"},{"ancestorTitles":["CloudflareWorkersAiService"],"duration":2,"failing":false,"failureDetails":[],"failureMessages":[],"fullName":"CloudflareWorkersAiService rejects missing fields","invocations":1,"location":null,"numPassingAsserts":1,"retryReasons":[],"startAt":1785131330737,"status":"passed","title":"rejects missing fields"},{"ancestorTitles":["CloudflareWorkersAiService"],"duration":772,"failing":false,"failureDetails":[],"failureMessages":[],"fullName":"CloudflareWorkersAiService retries timeout and keeps it transient","invocations":1,"location":null,"numPassingAsserts":2,"retryReasons":[],"startAt":1785131330739,"status":"passed","title":"retries timeout and keeps it transient"},{"ancestorTitles":["CloudflareWorkersAiService"],"duration":774,"failing":false,"failureDetails":[],"failureMessages":[],"fullName":"CloudflareWorkersAiService retries transient HTTP 429","invocations":1,"location":null,"numPassingAsserts":3,"retryReasons":[],"startAt":1785131331511,"status":"passed","title":"retries transient HTTP 429"},{"ancestorTitles":["CloudflareWorkersAiService"],"duration":778,"failing":false,"failureDetails":[],"failureMessages":[],"fullName":"CloudflareWorkersAiService retries transient HTTP 500","invocations":1,"location":null,"numPassingAsserts":3,"retryReasons":[],"startAt":1785131332286,"status":"passed","title":"retries transient HTTP 500"},{"ancestorTitles":["CloudflareWorkersAiService"],"duration":777,"failing":false,"failureDetails":[],"failureMessages":[],"fullName":"CloudflareWorkersAiService retries transient HTTP 503","invocations":1,"location":null,"numPassingAsserts":3,"retryReasons":[],"startAt":1785131333064,"status":"passed","title":"retries transient HTTP 503"},{"ancestorTitles":["CloudflareWorkersAiService"],"duration":5,"failing":false,"failureDetails":[],"failureMessages":[],"fullName":"CloudflareWorkersAiService rejects an oversized provider response","invocations":1,"location":null,"numPassingAsserts":1,"retryReasons":[],"startAt":1785131333842,"status":"passed","title":"rejects an oversized provider response"},{"ancestorTitles":["CloudflareWorkersAiService"],"duration":3,"failing":false,"failureDetails":[],"failureMessages":[],"fullName":"CloudflareWorkersAiService treats JSON Mode HTTP 400 as non-transient","invocations":1,"location":null,"numPassingAsserts":1,"retryReasons":[],"startAt":1785131333847,"status":"passed","title":"treats JSON Mode HTTP 400 as non-transient"},{"ancestorTitles":["CloudflareWorkersAiService"],"duration":1,"failing":false,"failureDetails":[],"failureMessages":[],"fullName":"CloudflareWorkersAiService parses fenced JSON returned as text","invocations":1,"location":null,"numPassingAsserts":1,"retryReasons":[],"startAt":1785131333850,"status":"passed","title":"parses fenced JSON returned as text"},{"ancestorTitles":["CloudflareWorkersAiService"],"duration":2,"failing":false,"failureDetails":[],"failureMessages":[],"fullName":"CloudflareWorkersAiService parses Cloudflare markdown label output","invocations":1,"location":null,"numPassingAsserts":1,"retryReasons":[],"startAt":1785131333852,"status":"passed","title":"parses Cloudflare markdown label output"}],"endTime":1785131333855,"message":"","name":"D:\\Code\\SEP490\\FAMILY_CARE_DIGITAL_MANAGEMENT\\server\\src\\modules\\albums\\moderation\\cloudflare-workers-ai.service.spec.ts","startTime":1785131330386,"status":"passed","summary":""},{"assertionResults":[{"ancestorTitles":["NotificationsProcessor"],"duration":3,"failing":false,"failureDetails":[],"failureMessages":[],"fullName":"NotificationsProcessor job persisted: load rows + map delivery đúng shape","invocations":1,"location":null,"numPassingAsserts":1,"retryReasons":[],"startAt":1785131334414,"status":"passed","title":"job persisted: load rows + map delivery đúng shape"},{"ancestorTitles":["NotificationsProcessor"],"duration":1,"failing":false,"failureDetails":[],"failureMessages":[],"fullName":"NotificationsProcessor job ephemeral: map mỗi userId thành 1 delivery memberId=null, id=null","invocations":1,"location":null,"numPassingAsserts":2,"retryReasons":[],"startAt":1785131334418,"status":"passed","title":"job ephemeral: map mỗi userId thành 1 delivery memberId=null, id=null"},{"ancestorTitles":["NotificationsProcessor"],"duration":0,"failing":false,"failureDetails":[],"failureMessages":[],"fullName":"NotificationsProcessor job reminder-scan: gọi reminders.scan()","invocations":1,"location":null,"numPassingAsserts":1,"retryReasons":[],"startAt":1785131334419,"status":"passed","title":"job reminder-scan: gọi reminders.scan()"}],"endTime":1785131334420,"message":"","name":"D:\\Code\\SEP490\\FAMILY_CARE_DIGITAL_MANAGEMENT\\server\\src\\modules\\notifications\\notifications.processor.spec.ts","startTime":1785131333861,"status":"passed","summary":""},{"assertionResults":[{"ancestorTitles":["PasswordResetService","requestReset"],"duration":3,"failing":false,"failureDetails":[],"failureMessages":[],"fullName":"PasswordResetService requestReset invalidates old tokens, stores the sha256 of a 6-digit OTP and emails it","invocations":1,"location":null,"numPassingAsserts":6,"retryReasons":[],"startAt":1785131334765,"status":"passed","title":"invalidates old tokens, stores the sha256 of a 6-digit OTP and emails it"},{"ancestorTitles":["PasswordResetService","requestReset"],"duration":1,"failing":false,"failureDetails":[],"failureMessages":[],"fullName":"PasswordResetService requestReset silently resolves null for an unknown email","invocations":1,"location":null,"numPassingAsserts":3,"retryReasons":[],"startAt":1785131334768,"status":"passed","title":"silently resolves null for an unknown email"},{"ancestorTitles":["PasswordResetService","requestReset"],"duration":0,"failing":false,"failureDetails":[],"failureMessages":[],"fullName":"PasswordResetService requestReset silently resolves null for a non-active account","invocations":1,"location":null,"numPassingAsserts":3,"retryReasons":[],"startAt":1785131334769,"status":"passed","title":"silently resolves null for a non-active account"},{"ancestorTitles":["PasswordResetService","requestReset"],"duration":2,"failing":false,"failureDetails":[],"failureMessages":[],"fullName":"PasswordResetService requestReset silently resolves null while in resend cooldown","invocations":1,"location":null,"numPassingAsserts":3,"retryReasons":[],"startAt":1785131334769,"status":"passed","title":"silently resolves null while in resend cooldown"},{"ancestorTitles":["PasswordResetService","requestReset"],"duration":2,"failing":false,"failureDetails":[],"failureMessages":[],"fullName":"PasswordResetService requestReset silently skips accounts without a password (Google-only)","invocations":1,"location":null,"numPassingAsserts":3,"retryReasons":[],"startAt":1785131334771,"status":"passed","title":"silently skips accounts without a password (Google-only)"},{"ancestorTitles":["PasswordResetService","reset"],"duration":2,"failing":false,"failureDetails":[],"failureMessages":[],"fullName":"PasswordResetService reset consumes the token, updates the password and revokes all sessions","invocations":1,"location":null,"numPassingAsserts":5,"retryReasons":[],"startAt":1785131334773,"status":"passed","title":"consumes the token, updates the password and revokes all sessions"},{"ancestorTitles":["PasswordResetService","reset"],"duration":21,"failing":false,"failureDetails":[],"failureMessages":[],"fullName":"PasswordResetService reset increments attempts and rejects a wrong OTP","invocations":1,"location":null,"numPassingAsserts":4,"retryReasons":[],"startAt":1785131334775,"status":"passed","title":"increments attempts and rejects a wrong OTP"},{"ancestorTitles":["PasswordResetService","reset"],"duration":2,"failing":false,"failureDetails":[],"failureMessages":[],"fullName":"PasswordResetService reset rejects when attempts are exhausted, even with the right code","invocations":1,"location":null,"numPassingAsserts":3,"retryReasons":[],"startAt":1785131334796,"status":"passed","title":"rejects when attempts are exhausted, even with the right code"},{"ancestorTitles":["PasswordResetService","reset"],"duration":2,"failing":false,"failureDetails":[],"failureMessages":[],"fullName":"PasswordResetService reset rejects an expired OTP with the generic message","invocations":1,"location":null,"numPassingAsserts":1,"retryReasons":[],"startAt":1785131334798,"status":"passed","title":"rejects an expired OTP with the generic message"},{"ancestorTitles":["PasswordResetService","reset"],"duration":1,"failing":false,"failureDetails":[],"failureMessages":[],"fullName":"PasswordResetService reset rejects when no live token exists (already consumed)","invocations":1,"location":null,"numPassingAsserts":1,"retryReasons":[],"startAt":1785131334800,"status":"passed","title":"rejects when no live token exists (already consumed)"},{"ancestorTitles":["PasswordResetService","reset"],"duration":1,"failing":false,"failureDetails":[],"failureMessages":[],"fullName":"PasswordResetService reset rejects an unknown email with the same generic message","invocations":1,"location":null,"numPassingAsserts":3,"retryReasons":[],"startAt":1785131334801,"status":"passed","title":"rejects an unknown email with the same generic message"},{"ancestorTitles":["PasswordResetService","reset"],"duration":0,"failing":false,"failureDetails":[],"failureMessages":[],"fullName":"PasswordResetService reset rejects accounts without a password with the generic message","invocations":1,"location":null,"numPassingAsserts":1,"retryReasons":[],"startAt":1785131334803,"status":"passed","title":"rejects accounts without a password with the generic message"}],"endTime":1785131334804,"message":"","name":"D:\\Code\\SEP490\\FAMILY_CARE_DIGITAL_MANAGEMENT\\server\\src\\modules\\auth\\password-reset.service.spec.ts","startTime":1785131334426,"status":"passed","summary":""},{"assertionResults":[{"ancestorTitles":["AdminUsersController audit logging"],"duration":1,"failing":false,"failureDetails":[],"failureMessages":[],"fullName":"AdminUsersController audit logging audits successful user updates","invocations":1,"location":null,"numPassingAsserts":2,"retryReasons":[],"startAt":1785131335459,"status":"passed","title":"audits successful user updates"},{"ancestorTitles":["AdminUsersController audit logging"],"duration":1,"failing":false,"failureDetails":[],"failureMessages":[],"fullName":"AdminUsersController audit logging audits failed lock attempts","invocations":1,"location":null,"numPassingAsserts":2,"retryReasons":[],"startAt":1785131335460,"status":"passed","title":"audits failed lock attempts"},{"ancestorTitles":["AdminUsersController audit logging"],"duration":0,"failing":false,"failureDetails":[],"failureMessages":[],"fullName":"AdminUsersController audit logging audits successful user deletes","invocations":1,"location":null,"numPassingAsserts":2,"retryReasons":[],"startAt":1785131335461,"status":"passed","title":"audits successful user deletes"},{"ancestorTitles":["AdminUsersController audit logging"],"duration":0,"failing":false,"failureDetails":[],"failureMessages":[],"fullName":"AdminUsersController audit logging audits failed user deletes","invocations":1,"location":null,"numPassingAsserts":2,"retryReasons":[],"startAt":1785131335462,"status":"passed","title":"audits failed user deletes"}],"endTime":1785131335467,"message":"","name":"D:\\Code\\SEP490\\FAMILY_CARE_DIGITAL_MANAGEMENT\\server\\src\\modules\\admin\\controllers\\admin-users.controller.spec.ts","startTime":1785131334814,"status":"passed","summary":""},{"assertionResults":[{"ancestorTitles":["AlbumModerationConsumer"],"duration":2,"failing":false,"failureDetails":[],"failureMessages":[],"fullName":"AlbumModerationConsumer acks poison messages without retrying forever","invocations":1,"location":null,"numPassingAsserts":2,"retryReasons":[],"startAt":1785131336202,"status":"passed","title":"acks poison messages without retrying forever"},{"ancestorTitles":["AlbumModerationConsumer"],"duration":0,"failing":false,"failureDetails":[],"failureMessages":[],"fullName":"AlbumModerationConsumer does not overlap polls in one instance","invocations":1,"location":null,"numPassingAsserts":1,"retryReasons":[],"startAt":1785131336205,"status":"passed","title":"does not overlap polls in one instance"},{"ancestorTitles":["AlbumModerationConsumer"],"duration":2,"failing":false,"failureDetails":[],"failureMessages":[],"fullName":"AlbumModerationConsumer moves unexpected poison job to NEED_REVIEW and acks at max attempts","invocations":1,"location":null,"numPassingAsserts":3,"retryReasons":[],"startAt":1785131336206,"status":"passed","title":"moves unexpected poison job to NEED_REVIEW and acks at max attempts"}],"endTime":1785131336208,"message":"","name":"D:\\Code\\SEP490\\FAMILY_CARE_DIGITAL_MANAGEMENT\\server\\src\\modules\\albums\\moderation\\album-moderation.consumer.spec.ts","startTime":1785131335476,"status":"passed","summary":""},{"assertionResults":[{"ancestorTitles":["AiActionsService"],"duration":7,"failing":false,"failureDetails":[],"failureMessages":[],"fullName":"AiActionsService confirm happy path: claim → thực thi service với payload đã lưu → CONFIRMED + message tổng kết","invocations":1,"location":null,"numPassingAsserts":5,"retryReasons":[],"startAt":1785131336942,"status":"passed","title":"confirm happy path: claim → thực thi service với payload đã lưu → CONFIRMED + message tổng kết"},{"ancestorTitles":["AiActionsService"],"duration":6,"failing":false,"failureDetails":[],"failureMessages":[],"fullName":"AiActionsService confirm CREATE_TASK kèm assignment gọi đủ 2 service","invocations":1,"location":null,"numPassingAsserts":2,"retryReasons":[],"startAt":1785131336950,"status":"passed","title":"confirm CREATE_TASK kèm assignment gọi đủ 2 service"},{"ancestorTitles":["AiActionsService"],"duration":1,"failing":false,"failureDetails":[],"failureMessages":[],"fullName":"AiActionsService confirm CREATE_CALENDAR_EVENT gọi CalendarService","invocations":1,"location":null,"numPassingAsserts":3,"retryReasons":[],"startAt":1785131336956,"status":"passed","title":"confirm CREATE_CALENDAR_EVENT gọi CalendarService"},{"ancestorTitles":["AiActionsService"],"duration":14,"failing":false,"failureDetails":[],"failureMessages":[],"fullName":"AiActionsService double-confirm: claim trượt (count 0) → 409, không thực thi","invocations":1,"location":null,"numPassingAsserts":2,"retryReasons":[],"startAt":1785131336957,"status":"passed","title":"double-confirm: claim trượt (count 0) → 409, không thực thi"},{"ancestorTitles":["AiActionsService"],"duration":2,"failing":false,"failureDetails":[],"failureMessages":[],"fullName":"AiActionsService đề xuất hết hạn → đánh dấu EXPIRED + 410","invocations":1,"location":null,"numPassingAsserts":3,"retryReasons":[],"startAt":1785131336971,"status":"passed","title":"đề xuất hết hạn → đánh dấu EXPIRED + 410"},{"ancestorTitles":["AiActionsService"],"duration":2,"failing":false,"failureDetails":[],"failureMessages":[],"fullName":"AiActionsService không phải chủ conversation → 404 từ ownership check","invocations":1,"location":null,"numPassingAsserts":1,"retryReasons":[],"startAt":1785131336973,"status":"passed","title":"không phải chủ conversation → 404 từ ownership check"},{"ancestorTitles":["AiActionsService"],"duration":1,"failing":false,"failureDetails":[],"failureMessages":[],"fullName":"AiActionsService vai trò bị hạ sau khi đề xuất → 403 tại thời điểm confirm","invocations":1,"location":null,"numPassingAsserts":2,"retryReasons":[],"startAt":1785131336975,"status":"passed","title":"vai trò bị hạ sau khi đề xuất → 403 tại thời điểm confirm"},{"ancestorTitles":["AiActionsService"],"duration":1,"failing":false,"failureDetails":[],"failureMessages":[],"fullName":"AiActionsService thực thi lỗi → nhả claim về PENDING và ném lại lỗi","invocations":1,"location":null,"numPassingAsserts":2,"retryReasons":[],"startAt":1785131336976,"status":"passed","title":"thực thi lỗi → nhả claim về PENDING và ném lại lỗi"},{"ancestorTitles":["AiActionsService"],"duration":1,"failing":false,"failureDetails":[],"failureMessages":[],"fullName":"AiActionsService reject: claim PENDING → REJECTED, không gọi service nào","invocations":1,"location":null,"numPassingAsserts":3,"retryReasons":[],"startAt":1785131336977,"status":"passed","title":"reject: claim PENDING → REJECTED, không gọi service nào"},{"ancestorTitles":["AiActionsService"],"duration":1,"failing":false,"failureDetails":[],"failureMessages":[],"fullName":"AiActionsService message không có pendingAction → 404","invocations":1,"location":null,"numPassingAsserts":1,"retryReasons":[],"startAt":1785131336978,"status":"passed","title":"message không có pendingAction → 404"}],"endTime":1785131336980,"message":"","name":"D:\\Code\\SEP490\\FAMILY_CARE_DIGITAL_MANAGEMENT\\server\\src\\modules\\ai-chatbot\\services\\ai-actions.service.spec.ts","startTime":1785131336220,"status":"passed","summary":""},{"assertionResults":[{"ancestorTitles":["ToolRegistryService","getToolsForRole / getOpenAiTools"],"duration":3,"failing":false,"failureDetails":[],"failureMessages":[],"fullName":"ToolRegistryService getToolsForRole / getOpenAiTools FAMILY_MEMBER không nhận tool ngoài quyền","invocations":1,"location":null,"numPassingAsserts":1,"retryReasons":[],"startAt":1785131337724,"status":"passed","title":"FAMILY_MEMBER không nhận tool ngoài quyền"},{"ancestorTitles":["ToolRegistryService","getToolsForRole / getOpenAiTools"],"duration":1,"failing":false,"failureDetails":[],"failureMessages":[],"fullName":"ToolRegistryService getToolsForRole / getOpenAiTools FAMILY_MANAGER nhận đủ tool, đúng format OpenAI","invocations":1,"location":null,"numPassingAsserts":2,"retryReasons":[],"startAt":1785131337727,"status":"passed","title":"FAMILY_MANAGER nhận đủ tool, đúng format OpenAI"},{"ancestorTitles":["ToolRegistryService","executeReadTool"],"duration":1,"failing":false,"failureDetails":[],"failureMessages":[],"fullName":"ToolRegistryService executeReadTool dispatch đúng tool với args đã parse","invocations":1,"location":null,"numPassingAsserts":2,"retryReasons":[],"startAt":1785131337728,"status":"passed","title":"dispatch đúng tool với args đã parse"},{"ancestorTitles":["ToolRegistryService","executeReadTool"],"duration":1,"failing":false,"failureDetails":[],"failureMessages":[],"fullName":"ToolRegistryService executeReadTool HttpException từ service → { error } tiếng Việt, không throw","invocations":1,"location":null,"numPassingAsserts":2,"retryReasons":[],"startAt":1785131337729,"status":"passed","title":"HttpException từ service → { error } tiếng Việt, không throw"},{"ancestorTitles":["ToolRegistryService","executeReadTool"],"duration":9,"failing":false,"failureDetails":[],"failureMessages":[],"fullName":"ToolRegistryService executeReadTool lỗi không xác định → message chung, không lộ chi tiết","invocations":1,"location":null,"numPassingAsserts":1,"retryReasons":[],"startAt":1785131337730,"status":"passed","title":"lỗi không xác định → message chung, không lộ chi tiết"},{"ancestorTitles":["ToolRegistryService","executeReadTool"],"duration":1,"failing":false,"failureDetails":[],"failureMessages":[],"fullName":"ToolRegistryService executeReadTool re-check role khi execute dù model không được gửi tool đó","invocations":1,"location":null,"numPassingAsserts":2,"retryReasons":[],"startAt":1785131337739,"status":"passed","title":"re-check role khi execute dù model không được gửi tool đó"},{"ancestorTitles":["ToolRegistryService","executeReadTool"],"duration":1,"failing":false,"failureDetails":[],"failureMessages":[],"fullName":"ToolRegistryService executeReadTool tool write không được execute qua đường read","invocations":1,"location":null,"numPassingAsserts":1,"retryReasons":[],"startAt":1785131337740,"status":"passed","title":"tool write không được execute qua đường read"},{"ancestorTitles":["ToolRegistryService","executeReadTool"],"duration":0,"failing":false,"failureDetails":[],"failureMessages":[],"fullName":"ToolRegistryService executeReadTool args không phải JSON → lỗi tham số","invocations":1,"location":null,"numPassingAsserts":1,"retryReasons":[],"startAt":1785131337741,"status":"passed","title":"args không phải JSON → lỗi tham số"},{"ancestorTitles":["ToolRegistryService","executeReadTool"],"duration":1,"failing":false,"failureDetails":[],"failureMessages":[],"fullName":"ToolRegistryService executeReadTool kết quả quá dài bị cắt bớt","invocations":1,"location":null,"numPassingAsserts":2,"retryReasons":[],"startAt":1785131337741,"status":"passed","title":"kết quả quá dài bị cắt bớt"}],"endTime":1785131337743,"message":"","name":"D:\\Code\\SEP490\\FAMILY_CARE_DIGITAL_MANAGEMENT\\server\\src\\modules\\ai-chatbot\\tools\\tool-registry.service.spec.ts","startTime":1785131336988,"status":"passed","summary":""},{"assertionResults":[{"ancestorTitles":["AlbumsService permissions and deletion flow"],"duration":2,"failing":false,"failureDetails":[],"failureMessages":[],"fullName":"AlbumsService permissions and deletion flow allows uploader to update caption","invocations":1,"location":null,"numPassingAsserts":3,"retryReasons":[],"startAt":1785131338355,"status":"passed","title":"allows uploader to update caption"},{"ancestorTitles":["AlbumsService permissions and deletion flow"],"duration":0,"failing":false,"failureDetails":[],"failureMessages":[],"fullName":"AlbumsService permissions and deletion flow does not let a manager edit another uploader media","invocations":1,"location":null,"numPassingAsserts":1,"retryReasons":[],"startAt":1785131338358,"status":"passed","title":"does not let a manager edit another uploader media"},{"ancestorTitles":["AlbumsService permissions and deletion flow"],"duration":1,"failing":false,"failureDetails":[],"failureMessages":[],"fullName":"AlbumsService permissions and deletion flow allows manager to soft-delete another member media","invocations":1,"location":null,"numPassingAsserts":1,"retryReasons":[],"startAt":1785131338358,"status":"passed","title":"allows manager to soft-delete another member media"},{"ancestorTitles":["AlbumsService permissions and deletion flow"],"duration":1,"failing":false,"failureDetails":[],"failureMessages":[],"fullName":"AlbumsService permissions and deletion flow denies normal member deleting another member media","invocations":1,"location":null,"numPassingAsserts":1,"retryReasons":[],"startAt":1785131338359,"status":"passed","title":"denies normal member deleting another member media"},{"ancestorTitles":["AlbumsService permissions and deletion flow"],"duration":1,"failing":false,"failureDetails":[],"failureMessages":[],"fullName":"AlbumsService permissions and deletion flow requires soft-delete before permanent delete","invocations":1,"location":null,"numPassingAsserts":1,"retryReasons":[],"startAt":1785131338360,"status":"passed","title":"requires soft-delete before permanent delete"},{"ancestorTitles":["AlbumsService permissions and deletion flow"],"duration":0,"failing":false,"failureDetails":[],"failureMessages":[],"fullName":"AlbumsService permissions and deletion flow deletes R2 strictly before deleting the database row","invocations":1,"location":null,"numPassingAsserts":2,"retryReasons":[],"startAt":1785131338361,"status":"passed","title":"deletes R2 strictly before deleting the database row"},{"ancestorTitles":["AlbumsService permissions and deletion flow"],"duration":12,"failing":false,"failureDetails":[],"failureMessages":[],"fullName":"AlbumsService permissions and deletion flow keeps DB row when strict R2 deletion fails","invocations":1,"location":null,"numPassingAsserts":3,"retryReasons":[],"startAt":1785131338361,"status":"passed","title":"keeps DB row when strict R2 deletion fails"},{"ancestorTitles":["AlbumsService permissions and deletion flow"],"duration":1,"failing":false,"failureDetails":[],"failureMessages":[],"fullName":"AlbumsService permissions and deletion flow cleans up the private object when database creation fails","invocations":1,"location":null,"numPassingAsserts":2,"retryReasons":[],"startAt":1785131338373,"status":"passed","title":"cleans up the private object when database creation fails"},{"ancestorTitles":["AlbumsService permissions and deletion flow"],"duration":1,"failing":false,"failureDetails":[],"failureMessages":[],"fullName":"AlbumsService permissions and deletion flow records an orphan job when immediate upload cleanup fails","invocations":1,"location":null,"numPassingAsserts":2,"retryReasons":[],"startAt":1785131338374,"status":"passed","title":"records an orphan job when immediate upload cleanup fails"},{"ancestorTitles":["AlbumsService permissions and deletion flow"],"duration":1,"failing":false,"failureDetails":[],"failureMessages":[],"fullName":"AlbumsService permissions and deletion flow records reconciliation when DB hard delete fails after R2 deletion","invocations":1,"location":null,"numPassingAsserts":2,"retryReasons":[],"startAt":1785131338375,"status":"passed","title":"records reconciliation when DB hard delete fails after R2 deletion"},{"ancestorTitles":["AlbumsService permissions and deletion flow"],"duration":1,"failing":false,"failureDetails":[],"failureMessages":[],"fullName":"AlbumsService permissions and deletion flow does not sign original URLs for media list items","invocations":1,"location":null,"numPassingAsserts":2,"retryReasons":[],"startAt":1785131338376,"status":"passed","title":"does not sign original URLs for media list items"},{"ancestorTitles":["AlbumsService permissions and deletion flow"],"duration":2,"failing":false,"failureDetails":[],"failureMessages":[],"fullName":"AlbumsService permissions and deletion flow requires exact permanent-delete confirmation in the request DTO","invocations":1,"location":null,"numPassingAsserts":2,"retryReasons":[],"startAt":1785131338377,"status":"passed","title":"requires exact permanent-delete confirmation in the request DTO"},{"ancestorTitles":["AlbumsService permissions and deletion flow"],"duration":1,"failing":false,"failureDetails":[],"failureMessages":[],"fullName":"AlbumsService permissions and deletion flow filters by tagged member in Prisma and returns tagCount","invocations":1,"location":null,"numPassingAsserts":3,"retryReasons":[],"startAt":1785131338380,"status":"passed","title":"filters by tagged member in Prisma and returns tagCount"}],"endTime":1785131338382,"message":"","name":"D:\\Code\\SEP490\\FAMILY_CARE_DIGITAL_MANAGEMENT\\server\\src\\modules\\albums\\albums.service.spec.ts","startTime":1785131337756,"status":"passed","summary":""},{"assertionResults":[{"ancestorTitles":["SpendingSupportRequestService spending support requests"],"duration":2,"failing":false,"failureDetails":[],"failureMessages":[],"fullName":"SpendingSupportRequestService spending support requests creates a pending request for an active member","invocations":1,"location":null,"numPassingAsserts":2,"retryReasons":[],"startAt":1785131338862,"status":"passed","title":"creates a pending request for an active member"},{"ancestorTitles":["SpendingSupportRequestService spending support requests"],"duration":0,"failing":false,"failureDetails":[],"failureMessages":[],"fullName":"SpendingSupportRequestService spending support requests rejects create for an inactive or missing member","invocations":1,"location":null,"numPassingAsserts":1,"retryReasons":[],"startAt":1785131338864,"status":"passed","title":"rejects create for an inactive or missing member"},{"ancestorTitles":["SpendingSupportRequestService spending support requests"],"duration":0,"failing":false,"failureDetails":[],"failureMessages":[],"fullName":"SpendingSupportRequestService spending support requests rejects a whitespace-only purpose","invocations":1,"location":null,"numPassingAsserts":1,"retryReasons":[],"startAt":1785131338865,"status":"passed","title":"rejects a whitespace-only purpose"},{"ancestorTitles":["SpendingSupportRequestService spending support requests"],"duration":1,"failing":false,"failureDetails":[],"failureMessages":[],"fullName":"SpendingSupportRequestService spending support requests limits a normal member list to their own requests","invocations":1,"location":null,"numPassingAsserts":1,"retryReasons":[],"startAt":1785131338865,"status":"passed","title":"limits a normal member list to their own requests"},{"ancestorTitles":["SpendingSupportRequestService spending support requests"],"duration":0,"failing":false,"failureDetails":[],"failureMessages":[],"fullName":"SpendingSupportRequestService spending support requests forbids another normal member from viewing a request","invocations":1,"location":null,"numPassingAsserts":1,"retryReasons":[],"startAt":1785131338867,"status":"passed","title":"forbids another normal member from viewing a request"},{"ancestorTitles":["SpendingSupportRequestService spending support requests"],"duration":1,"failing":false,"failureDetails":[],"failureMessages":[],"fullName":"SpendingSupportRequestService spending support requests approves a pending request and creates one support ledger entry","invocations":1,"location":null,"numPassingAsserts":1,"retryReasons":[],"startAt":1785131338868,"status":"passed","title":"approves a pending request and creates one support ledger entry"},{"ancestorTitles":["SpendingSupportRequestService spending support requests"],"duration":1,"failing":false,"failureDetails":[],"failureMessages":[],"fullName":"SpendingSupportRequestService spending support requests rejects a pending request without creating a ledger entry","invocations":1,"location":null,"numPassingAsserts":1,"retryReasons":[],"startAt":1785131338869,"status":"passed","title":"rejects a pending request without creating a ledger entry"},{"ancestorTitles":["SpendingSupportRequestService spending support requests"],"duration":1,"failing":false,"failureDetails":[],"failureMessages":[],"fullName":"SpendingSupportRequestService spending support requests does not allow reviewers to review their own request","invocations":1,"location":null,"numPassingAsserts":1,"retryReasons":[],"startAt":1785131338871,"status":"passed","title":"does not allow reviewers to review their own request"},{"ancestorTitles":["SpendingSupportRequestService spending support requests"],"duration":1,"failing":false,"failureDetails":[],"failureMessages":[],"fullName":"SpendingSupportRequestService spending support requests detects a concurrent or stale review before creating a ledger entry","invocations":1,"location":null,"numPassingAsserts":2,"retryReasons":[],"startAt":1785131338872,"status":"passed","title":"detects a concurrent or stale review before creating a ledger entry"},{"ancestorTitles":["SpendingSupportRequestService spending support requests"],"duration":1,"failing":false,"failureDetails":[],"failureMessages":[],"fullName":"SpendingSupportRequestService spending support requests lets the requester cancel a pending request without a ledger entry","invocations":1,"location":null,"numPassingAsserts":2,"retryReasons":[],"startAt":1785131338873,"status":"passed","title":"lets the requester cancel a pending request without a ledger entry"},{"ancestorTitles":["SpendingSupportRequestService spending support requests"],"duration":2,"failing":false,"failureDetails":[],"failureMessages":[],"fullName":"SpendingSupportRequestService spending support requests counts support entries as expenses in the legacy overview","invocations":1,"location":null,"numPassingAsserts":2,"retryReasons":[],"startAt":1785131338874,"status":"passed","title":"counts support entries as expenses in the legacy overview"}],"endTime":1785131338876,"message":"","name":"D:\\Code\\SEP490\\FAMILY_CARE_DIGITAL_MANAGEMENT\\server\\src\\modules\\finance\\services\\spending-support-request.service.spec.ts","startTime":1785131338395,"status":"passed","summary":""},{"assertionResults":[{"ancestorTitles":["FamiliesService invite code","getInviteCode"],"duration":1,"failing":false,"failureDetails":[],"failureMessages":[],"fullName":"FamiliesService invite code getInviteCode trả inviteCode (null khi chưa tạo)","invocations":1,"location":null,"numPassingAsserts":1,"retryReasons":[],"startAt":1785131339392,"status":"passed","title":"trả inviteCode (null khi chưa tạo)"},{"ancestorTitles":["FamiliesService invite code","getInviteCode"],"duration":0,"failing":false,"failureDetails":[],"failureMessages":[],"fullName":"FamiliesService invite code getInviteCode 404 khi family không tồn tại","invocations":1,"location":null,"numPassingAsserts":1,"retryReasons":[],"startAt":1785131339394,"status":"passed","title":"404 khi family không tồn tại"},{"ancestorTitles":["FamiliesService invite code","regenerateInviteCode"],"duration":1,"failing":false,"failureDetails":[],"failureMessages":[],"fullName":"FamiliesService invite code regenerateInviteCode sinh mã mới 8 ký tự và lưu vào family","invocations":1,"location":null,"numPassingAsserts":2,"retryReasons":[],"startAt":1785131339394,"status":"passed","title":"sinh mã mới 8 ký tự và lưu vào family"},{"ancestorTitles":["FamiliesService invite code","regenerateInviteCode"],"duration":1,"failing":false,"failureDetails":[],"failureMessages":[],"fullName":"FamiliesService invite code regenerateInviteCode retry khi trùng mã (P2002) rồi thành công","invocations":1,"location":null,"numPassingAsserts":2,"retryReasons":[],"startAt":1785131339395,"status":"passed","title":"retry khi trùng mã (P2002) rồi thành công"},{"ancestorTitles":["FamiliesService invite code","regenerateInviteCode"],"duration":11,"failing":false,"failureDetails":[],"failureMessages":[],"fullName":"FamiliesService invite code regenerateInviteCode ném BadRequestException sau 5 lần trùng mã liên tiếp","invocations":1,"location":null,"numPassingAsserts":2,"retryReasons":[],"startAt":1785131339397,"status":"passed","title":"ném BadRequestException sau 5 lần trùng mã liên tiếp"}],"endTime":1785131339409,"message":"","name":"D:\\Code\\SEP490\\FAMILY_CARE_DIGITAL_MANAGEMENT\\server\\src\\modules\\families\\families.invite-code.spec.ts","startTime":1785131338883,"status":"passed","summary":""},{"assertionResults":[{"ancestorTitles":["TasksService listTaskSubmissions"],"duration":6,"failing":false,"failureDetails":[],"failureMessages":[],"fullName":"TasksService listTaskSubmissions returns an empty proofs array and proofCount 0 when a submission has no proofs","invocations":1,"location":null,"numPassingAsserts":2,"retryReasons":[],"startAt":1785131340063,"status":"passed","title":"returns an empty proofs array and proofCount 0 when a submission has no proofs"},{"ancestorTitles":["TasksService listTaskSubmissions"],"duration":1,"failing":false,"failureDetails":[],"failureMessages":[],"fullName":"TasksService listTaskSubmissions returns proof metadata in uploadedAt ascending order and keeps proofCount aligned","invocations":1,"location":null,"numPassingAsserts":3,"retryReasons":[],"startAt":1785131340070,"status":"passed","title":"returns proof metadata in uploadedAt ascending order and keeps proofCount aligned"},{"ancestorTitles":["TasksService listTaskSubmissions"],"duration":1,"failing":false,"failureDetails":[],"failureMessages":[],"fullName":"TasksService listTaskSubmissions keeps pagination, status filtering, proof count, and proof ordering in the Prisma query","invocations":1,"location":null,"numPassingAsserts":3,"retryReasons":[],"startAt":1785131340071,"status":"passed","title":"keeps pagination, status filtering, proof count, and proof ordering in the Prisma query"},{"ancestorTitles":["TasksService listTaskSubmissions"],"duration":0,"failing":false,"failureDetails":[],"failureMessages":[],"fullName":"TasksService listTaskSubmissions rejects a normal member who cannot view the assignment before querying submissions","invocations":1,"location":null,"numPassingAsserts":4,"retryReasons":[],"startAt":1785131340073,"status":"passed","title":"rejects a normal member who cannot view the assignment before querying submissions"},{"ancestorTitles":["TasksService listTaskSubmissions"],"duration":1,"failing":false,"failureDetails":[],"failureMessages":[],"fullName":"TasksService listTaskSubmissions refreshes signed proof URLs when returning submission detail","invocations":1,"location":null,"numPassingAsserts":4,"retryReasons":[],"startAt":1785131340073,"status":"passed","title":"refreshes signed proof URLs when returning submission detail"},{"ancestorTitles":["TasksService createTaskAssignment"],"duration":1,"failing":false,"failureDetails":[],"failureMessages":[],"fullName":"TasksService createTaskAssignment assigns an ad hoc task to an active family member by FamilyMember id regardless of role","invocations":1,"location":null,"numPassingAsserts":5,"retryReasons":[],"startAt":1785131340075,"status":"passed","title":"assigns an ad hoc task to an active family member by FamilyMember id regardless of role"},{"ancestorTitles":["TasksService createTaskAssignment"],"duration":1,"failing":false,"failureDetails":[],"failureMessages":[],"fullName":"TasksService createTaskAssignment notifies the assignee with a TASK notification after creating an assignment","invocations":1,"location":null,"numPassingAsserts":2,"retryReasons":[],"startAt":1785131340076,"status":"passed","title":"notifies the assignee with a TASK notification after creating an assignment"},{"ancestorTitles":["TasksService createTaskAssignment"],"duration":2,"failing":false,"failureDetails":[],"failureMessages":[],"fullName":"TasksService createTaskAssignment still returns the created assignment even if notify fails (best-effort, does not undo the persisted write)","invocations":1,"location":null,"numPassingAsserts":1,"retryReasons":[],"startAt":1785131340077,"status":"passed","title":"still returns the created assignment even if notify fails (best-effort, does not undo the persisted write)"}],"endTime":1785131340080,"message":"","name":"D:\\Code\\SEP490\\FAMILY_CARE_DIGITAL_MANAGEMENT\\server\\src\\modules\\tasks\\services\\tasks.service.spec.ts","startTime":1785131339413,"status":"passed","summary":""},{"assertionResults":[{"ancestorTitles":["AllExceptionsFilter"],"duration":2,"failing":false,"failureDetails":[],"failureMessages":[],"fullName":"AllExceptionsFilter map ThrottlerException sang 429 + message tiếng Việt","invocations":1,"location":null,"numPassingAsserts":2,"retryReasons":[],"startAt":1785131340355,"status":"passed","title":"map ThrottlerException sang 429 + message tiếng Việt"},{"ancestorTitles":["AllExceptionsFilter"],"duration":1,"failing":false,"failureDetails":[],"failureMessages":[],"fullName":"AllExceptionsFilter giữ message gốc cho HttpException thường","invocations":1,"location":null,"numPassingAsserts":1,"retryReasons":[],"startAt":1785131340357,"status":"passed","title":"giữ message gốc cho HttpException thường"}],"endTime":1785131340359,"message":"","name":"D:\\Code\\SEP490\\FAMILY_CARE_DIGITAL_MANAGEMENT\\server\\src\\common\\filters\\all-exceptions.filter.spec.ts","startTime":1785131340087,"status":"passed","summary":""},{"assertionResults":[{"ancestorTitles":["BudgetAlertService budget alerts"],"duration":3,"failing":false,"failureDetails":[],"failureMessages":[],"fullName":"BudgetAlertService budget alerts does not let normal members view jar-linked alerts","invocations":1,"location":null,"numPassingAsserts":1,"retryReasons":[],"startAt":1785131340811,"status":"passed","title":"does not let normal members view jar-linked alerts"},{"ancestorTitles":["BudgetAlertService budget alerts"],"duration":2,"failing":false,"failureDetails":[],"failureMessages":[],"fullName":"BudgetAlertService budget alerts rejects acknowledging a resolved alert","invocations":1,"location":null,"numPassingAsserts":1,"retryReasons":[],"startAt":1785131340814,"status":"passed","title":"rejects acknowledging a resolved alert"},{"ancestorTitles":["BudgetAlertService budget alerts"],"duration":2,"failing":false,"failureDetails":[],"failureMessages":[],"fullName":"BudgetAlertService budget alerts updates an existing acknowledged alert instead of creating a duplicate","invocations":1,"location":null,"numPassingAsserts":2,"retryReasons":[],"startAt":1785131340816,"status":"passed","title":"updates an existing acknowledged alert instead of creating a duplicate"},{"ancestorTitles":["BudgetAlertService budget alerts"],"duration":2,"failing":false,"failureDetails":[],"failureMessages":[],"fullName":"BudgetAlertService budget alerts updates the active alert when create hits a unique race","invocations":1,"location":null,"numPassingAsserts":2,"retryReasons":[],"startAt":1785131340818,"status":"passed","title":"updates the active alert when create hits a unique race"},{"ancestorTitles":["BudgetAlertService budget alerts"],"duration":1,"failing":false,"failureDetails":[],"failureMessages":[],"fullName":"BudgetAlertService budget alerts uses high severity when threshold is zero and actual is positive","invocations":1,"location":null,"numPassingAsserts":1,"retryReasons":[],"startAt":1785131340820,"status":"passed","title":"uses high severity when threshold is zero and actual is positive"},{"ancestorTitles":["BudgetAlertService budget alerts"],"duration":5,"failing":false,"failureDetails":[],"failureMessages":[],"fullName":"BudgetAlertService budget alerts resolves stale alerts within the recomputed scope","invocations":1,"location":null,"numPassingAsserts":3,"retryReasons":[],"startAt":1785131340821,"status":"passed","title":"resolves stale alerts within the recomputed scope"},{"ancestorTitles":["BudgetAlertService budget alerts"],"duration":4,"failing":false,"failureDetails":[],"failureMessages":[],"fullName":"BudgetAlertService budget alerts notifies finance managers/deputies with { tx } when recomputing creates a new alert, then dispatches after commit","invocations":1,"location":null,"numPassingAsserts":5,"retryReasons":[],"startAt":1785131340827,"status":"passed","title":"notifies finance managers/deputies with { tx } when recomputing creates a new alert, then dispatches after commit"},{"ancestorTitles":["BudgetAlertService budget alerts"],"duration":2,"failing":false,"failureDetails":[],"failureMessages":[],"fullName":"BudgetAlertService budget alerts redacts jar-linked budget lines and warnings for normal member reports","invocations":1,"location":null,"numPassingAsserts":3,"retryReasons":[],"startAt":1785131340831,"status":"passed","title":"redacts jar-linked budget lines and warnings for normal member reports"}],"endTime":1785131340834,"message":"","name":"D:\\Code\\SEP490\\FAMILY_CARE_DIGITAL_MANAGEMENT\\server\\src\\modules\\finance\\services\\budget-alert.service.spec.ts","startTime":1785131340366,"status":"passed","summary":""},{"assertionResults":[{"ancestorTitles":["FaceProfilesService"],"duration":5,"failing":false,"failureDetails":[],"failureMessages":[],"fullName":"FaceProfilesService self enrolls 3 images and stores encrypted embeddings only","invocations":1,"location":null,"numPassingAsserts":6,"retryReasons":[],"startAt":1785131341338,"status":"passed","title":"self enrolls 3 images and stores encrypted embeddings only"},{"ancestorTitles":["FaceProfilesService"],"duration":2,"failing":false,"failureDetails":[],"failureMessages":[],"fullName":"FaceProfilesService allows FAMILY_MANAGER to enroll another member","invocations":1,"location":null,"numPassingAsserts":1,"retryReasons":[],"startAt":1785131341343,"status":"passed","title":"allows FAMILY_MANAGER to enroll another member"},{"ancestorTitles":["FaceProfilesService"],"duration":2,"failing":false,"failureDetails":[],"failureMessages":[],"fullName":"FaceProfilesService allows DEPUTY_MEMBER to enroll another member","invocations":1,"location":null,"numPassingAsserts":1,"retryReasons":[],"startAt":1785131341345,"status":"passed","title":"allows DEPUTY_MEMBER to enroll another member"},{"ancestorTitles":["FaceProfilesService"],"duration":1,"failing":false,"failureDetails":[],"failureMessages":[],"fullName":"FaceProfilesService blocks normal member enrolling another member","invocations":1,"location":null,"numPassingAsserts":2,"retryReasons":[],"startAt":1785131341347,"status":"passed","title":"blocks normal member enrolling another member"},{"ancestorTitles":["FaceProfilesService"],"duration":1,"failing":false,"failureDetails":[],"failureMessages":[],"fullName":"FaceProfilesService returns 404 for cross-family target lookup","invocations":1,"location":null,"numPassingAsserts":1,"retryReasons":[],"startAt":1785131341348,"status":"passed","title":"returns 404 for cross-family target lookup"},{"ancestorTitles":["FaceProfilesService"],"duration":1,"failing":false,"failureDetails":[],"failureMessages":[],"fullName":"FaceProfilesService rejects fewer than 3 or more than 5 images","invocations":1,"location":null,"numPassingAsserts":2,"retryReasons":[],"startAt":1785131341349,"status":"passed","title":"rejects fewer than 3 or more than 5 images"},{"ancestorTitles":["FaceProfilesService"],"duration":1,"failing":false,"failureDetails":[],"failureMessages":[],"fullName":"FaceProfilesService rejects MIME mismatch and over-size images","invocations":1,"location":null,"numPassingAsserts":2,"retryReasons":[],"startAt":1785131341350,"status":"passed","title":"rejects MIME mismatch and over-size images"},{"ancestorTitles":["FaceProfilesService"],"duration":1,"failing":false,"failureDetails":[],"failureMessages":[],"fullName":"FaceProfilesService rejects AI faceCount 0 and does not mutate profile","invocations":1,"location":null,"numPassingAsserts":2,"retryReasons":[],"startAt":1785131341352,"status":"passed","title":"rejects AI faceCount 0 and does not mutate profile"},{"ancestorTitles":["FaceProfilesService"],"duration":1,"failing":false,"failureDetails":[],"failureMessages":[],"fullName":"FaceProfilesService rejects AI faceCount 2 and does not mutate profile","invocations":1,"location":null,"numPassingAsserts":2,"retryReasons":[],"startAt":1785131341353,"status":"passed","title":"rejects AI faceCount 2 and does not mutate profile"},{"ancestorTitles":["FaceProfilesService"],"duration":6,"failing":false,"failureDetails":[],"failureMessages":[],"fullName":"FaceProfilesService validates images without mutating profile data","invocations":1,"location":null,"numPassingAsserts":4,"retryReasons":[],"startAt":1785131341354,"status":"passed","title":"validates images without mutating profile data"},{"ancestorTitles":["FaceProfilesService"],"duration":1,"failing":false,"failureDetails":[],"failureMessages":[],"fullName":"FaceProfilesService returns per-file enrollment errors for invalid images","invocations":1,"location":null,"numPassingAsserts":2,"retryReasons":[],"startAt":1785131341361,"status":"passed","title":"returns per-file enrollment errors for invalid images"},{"ancestorTitles":["FaceProfilesService"],"duration":1,"failing":false,"failureDetails":[],"failureMessages":[],"fullName":"FaceProfilesService does not mutate existing profile when Face AI times out","invocations":1,"location":null,"numPassingAsserts":2,"retryReasons":[],"startAt":1785131341362,"status":"passed","title":"does not mutate existing profile when Face AI times out"},{"ancestorTitles":["FaceProfilesService"],"duration":2,"failing":false,"failureDetails":[],"failureMessages":[],"fullName":"FaceProfilesService re-enrolls by revoking old embeddings after new embeddings are ready","invocations":1,"location":null,"numPassingAsserts":2,"retryReasons":[],"startAt":1785131341363,"status":"passed","title":"re-enrolls by revoking old embeddings after new embeddings are ready"},{"ancestorTitles":["FaceProfilesService"],"duration":1,"failing":false,"failureDetails":[],"failureMessages":[],"fullName":"FaceProfilesService fails re-enroll with inconsistent dimensions and preserves old embeddings","invocations":1,"location":null,"numPassingAsserts":2,"retryReasons":[],"startAt":1785131341365,"status":"passed","title":"fails re-enroll with inconsistent dimensions and preserves old embeddings"},{"ancestorTitles":["FaceProfilesService"],"duration":2,"failing":false,"failureDetails":[],"failureMessages":[],"fullName":"FaceProfilesService disables and enables with permission and minimum sample rule","invocations":1,"location":null,"numPassingAsserts":3,"retryReasons":[],"startAt":1785131341366,"status":"passed","title":"disables and enables with permission and minimum sample rule"},{"ancestorTitles":["FaceProfilesService"],"duration":1,"failing":false,"failureDetails":[],"failureMessages":[],"fullName":"FaceProfilesService deletes embeddings and returns no biometric data","invocations":1,"location":null,"numPassingAsserts":5,"retryReasons":[],"startAt":1785131341368,"status":"passed","title":"deletes embeddings and returns no biometric data"},{"ancestorTitles":["Face profile DTO consent and confirmation"],"duration":2,"failing":false,"failureDetails":[],"failureMessages":[],"fullName":"Face profile DTO consent and confirmation rejects missing or false consent","invocations":1,"location":null,"numPassingAsserts":2,"retryReasons":[],"startAt":1785131341370,"status":"passed","title":"rejects missing or false consent"},{"ancestorTitles":["Face profile DTO consent and confirmation"],"duration":1,"failing":false,"failureDetails":[],"failureMessages":[],"fullName":"Face profile DTO consent and confirmation accepts true consent and requires delete confirmation","invocations":1,"location":null,"numPassingAsserts":3,"retryReasons":[],"startAt":1785131341373,"status":"passed","title":"accepts true consent and requires delete confirmation"}],"endTime":1785131341375,"message":"","name":"D:\\Code\\SEP490\\FAMILY_CARE_DIGITAL_MANAGEMENT\\server\\src\\modules\\albums\\face-profiles.service.spec.ts","startTime":1785131340840,"status":"passed","summary":""},{"assertionResults":[{"ancestorTitles":["AlbumModerationService"],"duration":3,"failing":false,"failureDetails":[],"failureMessages":[],"fullName":"AlbumModerationService transitions PHOTO PENDING → PROCESSING → SAFE","invocations":1,"location":null,"numPassingAsserts":2,"retryReasons":[],"startAt":1785131341918,"status":"passed","title":"transitions PHOTO PENDING → PROCESSING → SAFE"},{"ancestorTitles":["AlbumModerationService"],"duration":2,"failing":false,"failureDetails":[],"failureMessages":[],"fullName":"AlbumModerationService transitions PHOTO to FLAGGED","invocations":1,"location":null,"numPassingAsserts":1,"retryReasons":[],"startAt":1785131341921,"status":"passed","title":"transitions PHOTO to FLAGGED"},{"ancestorTitles":["AlbumModerationService"],"duration":1,"failing":false,"failureDetails":[],"failureMessages":[],"fullName":"AlbumModerationService converts ambiguous PHOTO score to NEED_REVIEW","invocations":1,"location":null,"numPassingAsserts":1,"retryReasons":[],"startAt":1785131341923,"status":"passed","title":"converts ambiguous PHOTO score to NEED_REVIEW"},{"ancestorTitles":["AlbumModerationService"],"duration":1,"failing":false,"failureDetails":[],"failureMessages":[],"fullName":"AlbumModerationService flags VIDEO when one frame is FLAGGED","invocations":1,"location":null,"numPassingAsserts":1,"retryReasons":[],"startAt":1785131341924,"status":"passed","title":"flags VIDEO when one frame is FLAGGED"},{"ancestorTitles":["AlbumModerationService"],"duration":1,"failing":false,"failureDetails":[],"failureMessages":[],"fullName":"AlbumModerationService aggregates VIDEO frames as SAFE","invocations":1,"location":null,"numPassingAsserts":1,"retryReasons":[],"startAt":1785131341925,"status":"passed","title":"aggregates VIDEO frames as SAFE"},{"ancestorTitles":["AlbumModerationService"],"duration":1,"failing":false,"failureDetails":[],"failureMessages":[],"fullName":"AlbumModerationService aggregates VIDEO frames as NEED_REVIEW","invocations":1,"location":null,"numPassingAsserts":1,"retryReasons":[],"startAt":1785131341926,"status":"passed","title":"aggregates VIDEO frames as NEED_REVIEW"},{"ancestorTitles":["AlbumModerationService"],"duration":1,"failing":false,"failureDetails":[],"failureMessages":[],"fullName":"AlbumModerationService marks NEED_REVIEW when FFmpeg fails","invocations":1,"location":null,"numPassingAsserts":1,"retryReasons":[],"startAt":1785131341927,"status":"passed","title":"marks NEED_REVIEW when FFmpeg fails"},{"ancestorTitles":["AlbumModerationService"],"duration":2,"failing":false,"failureDetails":[],"failureMessages":[],"fullName":"AlbumModerationService marks NEED_REVIEW when R2 object does not exist","invocations":1,"location":null,"numPassingAsserts":1,"retryReasons":[],"startAt":1785131341928,"status":"passed","title":"marks NEED_REVIEW when R2 object does not exist"},{"ancestorTitles":["AlbumModerationService"],"duration":1,"failing":false,"failureDetails":[],"failureMessages":[],"fullName":"AlbumModerationService acks deleted media, old jobs and duplicate jobs","invocations":1,"location":null,"numPassingAsserts":3,"retryReasons":[],"startAt":1785131341930,"status":"passed","title":"acks deleted media, old jobs and duplicate jobs"},{"ancestorTitles":["AlbumModerationService"],"duration":2,"failing":false,"failureDetails":[],"failureMessages":[],"fullName":"AlbumModerationService reclaims stale PROCESSING jobs","invocations":1,"location":null,"numPassingAsserts":2,"retryReasons":[],"startAt":1785131341931,"status":"passed","title":"reclaims stale PROCESSING jobs"},{"ancestorTitles":["AlbumModerationService"],"duration":1,"failing":false,"failureDetails":[],"failureMessages":[],"fullName":"AlbumModerationService retries transient provider errors before max attempts","invocations":1,"location":null,"numPassingAsserts":1,"retryReasons":[],"startAt":1785131341933,"status":"passed","title":"retries transient provider errors before max attempts"},{"ancestorTitles":["AlbumModerationService"],"duration":2,"failing":false,"failureDetails":[],"failureMessages":[],"fullName":"AlbumModerationService moves to NEED_REVIEW after max attempts","invocations":1,"location":null,"numPassingAsserts":2,"retryReasons":[],"startAt":1785131341934,"status":"passed","title":"moves to NEED_REVIEW after max attempts"},{"ancestorTitles":["AlbumModerationService"],"duration":2,"failing":false,"failureDetails":[],"failureMessages":[],"fullName":"AlbumModerationService allows manager MARK_SAFE and denies normal member manual review","invocations":1,"location":null,"numPassingAsserts":2,"retryReasons":[],"startAt":1785131341936,"status":"passed","title":"allows manager MARK_SAFE and denies normal member manual review"},{"ancestorTitles":["AlbumModerationService"],"duration":2,"failing":false,"failureDetails":[],"failureMessages":[],"fullName":"AlbumModerationService creates a new jobId on retry","invocations":1,"location":null,"numPassingAsserts":2,"retryReasons":[],"startAt":1785131341938,"status":"passed","title":"creates a new jobId on retry"},{"ancestorTitles":["AlbumModerationService"],"duration":2,"failing":false,"failureDetails":[],"failureMessages":[],"fullName":"AlbumModerationService allows Manager and Deputy to list queue but denies normal member","invocations":1,"location":null,"numPassingAsserts":3,"retryReasons":[],"startAt":1785131341940,"status":"passed","title":"allows Manager and Deputy to list queue but denies normal member"},{"ancestorTitles":["AlbumModerationService"],"duration":2,"failing":false,"failureDetails":[],"failureMessages":[],"fullName":"AlbumModerationService returns only sanitized moderation summary to uploader","invocations":1,"location":null,"numPassingAsserts":3,"retryReasons":[],"startAt":1785131341942,"status":"passed","title":"returns only sanitized moderation summary to uploader"},{"ancestorTitles":["AlbumModerationService"],"duration":1,"failing":false,"failureDetails":[],"failureMessages":[],"fullName":"AlbumModerationService hides moderation history from another normal member","invocations":1,"location":null,"numPassingAsserts":1,"retryReasons":[],"startAt":1785131341944,"status":"passed","title":"hides moderation history from another normal member"},{"ancestorTitles":["AlbumModerationService"],"duration":1,"failing":false,"failureDetails":[],"failureMessages":[],"fullName":"AlbumModerationService returns 404 for cross-family moderation history","invocations":1,"location":null,"numPassingAsserts":1,"retryReasons":[],"startAt":1785131341945,"status":"passed","title":"returns 404 for cross-family moderation history"},{"ancestorTitles":["AlbumModerationService"],"duration":2,"failing":false,"failureDetails":[],"failureMessages":[],"fullName":"AlbumModerationService re-enqueues stale PENDING or PROCESSING media with a new jobId","invocations":1,"location":null,"numPassingAsserts":3,"retryReasons":[],"startAt":1785131341946,"status":"passed","title":"re-enqueues stale PENDING or PROCESSING media with a new jobId"},{"ancestorTitles":["AlbumModerationService"],"duration":2,"failing":false,"failureDetails":[],"failureMessages":[],"fullName":"AlbumModerationService completes exhausted unexpected job as NEED_REVIEW","invocations":1,"location":null,"numPassingAsserts":1,"retryReasons":[],"startAt":1785131341948,"status":"passed","title":"completes exhausted unexpected job as NEED_REVIEW"}],"endTime":1785131341951,"message":"","name":"D:\\Code\\SEP490\\FAMILY_CARE_DIGITAL_MANAGEMENT\\server\\src\\modules\\albums\\moderation\\album-moderation.service.spec.ts","startTime":1785131341381,"status":"passed","summary":""},{"assertionResults":[{"ancestorTitles":["AlbumFaceSuggestionsService"],"duration":4,"failing":false,"failureDetails":[],"failureMessages":[],"fullName":"AlbumFaceSuggestionsService creates a PENDING scan job and pushes ALBUM_FACE_SCAN message for SAFE PHOTO","invocations":1,"location":null,"numPassingAsserts":2,"retryReasons":[],"startAt":1785131342417,"status":"passed","title":"creates a PENDING scan job and pushes ALBUM_FACE_SCAN message for SAFE PHOTO"},{"ancestorTitles":["AlbumFaceSuggestionsService"],"duration":2,"failing":false,"failureDetails":[],"failureMessages":[],"fullName":"AlbumFaceSuggestionsService rejects VIDEO, non-SAFE, deleted, and cross-family/invisible media","invocations":1,"location":null,"numPassingAsserts":3,"retryReasons":[],"startAt":1785131342421,"status":"passed","title":"rejects VIDEO, non-SAFE, deleted, and cross-family/invisible media"},{"ancestorTitles":["AlbumFaceSuggestionsService"],"duration":1,"failing":false,"failureDetails":[],"failureMessages":[],"fullName":"AlbumFaceSuggestionsService does not create duplicate active scan jobs","invocations":1,"location":null,"numPassingAsserts":2,"retryReasons":[],"startAt":1785131342423,"status":"passed","title":"does not create duplicate active scan jobs"},{"ancestorTitles":["AlbumFaceSuggestionsService"],"duration":1,"failing":false,"failureDetails":[],"failureMessages":[],"fullName":"AlbumFaceSuggestionsService blocks force rescan for non-uploader normal member","invocations":1,"location":null,"numPassingAsserts":1,"retryReasons":[],"startAt":1785131342424,"status":"passed","title":"blocks force rescan for non-uploader normal member"},{"ancestorTitles":["AlbumFaceSuggestionsService"],"duration":1,"failing":false,"failureDetails":[],"failureMessages":[],"fullName":"AlbumFaceSuggestionsService rate limits force rescan to 2 requests per 10 minutes per member","invocations":1,"location":null,"numPassingAsserts":1,"retryReasons":[],"startAt":1785131342425,"status":"passed","title":"rate limits force rescan to 2 requests per 10 minutes per member"},{"ancestorTitles":["AlbumFaceSuggestionsService"],"duration":4,"failing":false,"failureDetails":[],"failureMessages":[],"fullName":"AlbumFaceSuggestionsService processes a queue job, matches only ACTIVE same-workspace profiles, and creates a suggestion","invocations":1,"location":null,"numPassingAsserts":4,"retryReasons":[],"startAt":1785131342426,"status":"passed","title":"processes a queue job, matches only ACTIVE same-workspace profiles, and creates a suggestion"},{"ancestorTitles":["AlbumFaceSuggestionsService"],"duration":2,"failing":false,"failureDetails":[],"failureMessages":[],"fullName":"AlbumFaceSuggestionsService stores UNMATCHED when score or margin does not pass","invocations":1,"location":null,"numPassingAsserts":2,"retryReasons":[],"startAt":1785131342430,"status":"passed","title":"stores UNMATCHED when score or margin does not pass"},{"ancestorTitles":["AlbumFaceSuggestionsService"],"duration":1,"failing":false,"failureDetails":[],"failureMessages":[],"fullName":"AlbumFaceSuggestionsService confirms a pending suggestion by creating tag and notification without duplicate tag","invocations":1,"location":null,"numPassingAsserts":6,"retryReasons":[],"startAt":1785131342432,"status":"passed","title":"confirms a pending suggestion by creating tag and notification without duplicate tag"},{"ancestorTitles":["AlbumFaceSuggestionsService"],"duration":6,"failing":false,"failureDetails":[],"failureMessages":[],"fullName":"AlbumFaceSuggestionsService rejects a pending suggestion without creating tag or notification","invocations":1,"location":null,"numPassingAsserts":3,"retryReasons":[],"startAt":1785131342434,"status":"passed","title":"rejects a pending suggestion without creating tag or notification"}],"endTime":1785131342441,"message":"","name":"D:\\Code\\SEP490\\FAMILY_CARE_DIGITAL_MANAGEMENT\\server\\src\\modules\\albums\\album-face-suggestions.service.spec.ts","startTime":1785131341961,"status":"passed","summary":""},{"assertionResults":[{"ancestorTitles":["FamiliesService.removeMember (soft delete)"],"duration":3,"failing":false,"failureDetails":[],"failureMessages":[],"fullName":"FamiliesService.removeMember (soft delete) soft-removes an ACTIVE member and evicts them from the SOS room","invocations":1,"location":null,"numPassingAsserts":2,"retryReasons":[],"startAt":1785131342960,"status":"passed","title":"soft-removes an ACTIVE member and evicts them from the SOS room"},{"ancestorTitles":["FamiliesService.removeMember (soft delete)"],"duration":2,"failing":false,"failureDetails":[],"failureMessages":[],"fullName":"FamiliesService.removeMember (soft delete) notifies remaining managers/deputies (persist) and the removed user (ephemeral)","invocations":1,"location":null,"numPassingAsserts":2,"retryReasons":[],"startAt":1785131342963,"status":"passed","title":"notifies remaining managers/deputies (persist) and the removed user (ephemeral)"},{"ancestorTitles":["FamiliesService.removeMember (soft delete)"],"duration":0,"failing":false,"failureDetails":[],"failureMessages":[],"fullName":"FamiliesService.removeMember (soft delete) throws NotFound when the member does not exist","invocations":1,"location":null,"numPassingAsserts":2,"retryReasons":[],"startAt":1785131342965,"status":"passed","title":"throws NotFound when the member does not exist"},{"ancestorTitles":["FamiliesService.removeMember (soft delete)"],"duration":1,"failing":false,"failureDetails":[],"failureMessages":[],"fullName":"FamiliesService.removeMember (soft delete) throws NotFound when the member is already REMOVED","invocations":1,"location":null,"numPassingAsserts":2,"retryReasons":[],"startAt":1785131342965,"status":"passed","title":"throws NotFound when the member is already REMOVED"},{"ancestorTitles":["FamiliesService.removeMember (soft delete)"],"duration":1,"failing":false,"failureDetails":[],"failureMessages":[],"fullName":"FamiliesService.removeMember (soft delete) refuses to remove a FAMILY_MANAGER","invocations":1,"location":null,"numPassingAsserts":2,"retryReasons":[],"startAt":1785131342966,"status":"passed","title":"refuses to remove a FAMILY_MANAGER"},{"ancestorTitles":["FamiliesService.changeMemberRole"],"duration":2,"failing":false,"failureDetails":[],"failureMessages":[],"fullName":"FamiliesService.changeMemberRole promotes an ACTIVE FAMILY_MEMBER to DEPUTY_MEMBER and notifies them","invocations":1,"location":null,"numPassingAsserts":2,"retryReasons":[],"startAt":1785131342967,"status":"passed","title":"promotes an ACTIVE FAMILY_MEMBER to DEPUTY_MEMBER and notifies them"},{"ancestorTitles":["FamiliesService.changeMemberRole"],"duration":1,"failing":false,"failureDetails":[],"failureMessages":[],"fullName":"FamiliesService.changeMemberRole throws BadRequest when deputy cap is reached","invocations":1,"location":null,"numPassingAsserts":2,"retryReasons":[],"startAt":1785131342970,"status":"passed","title":"throws BadRequest when deputy cap is reached"},{"ancestorTitles":["FamiliesService.changeMemberRole"],"duration":9,"failing":false,"failureDetails":[],"failureMessages":[],"fullName":"FamiliesService.changeMemberRole throws BadRequest when target is the FAMILY_MANAGER","invocations":1,"location":null,"numPassingAsserts":2,"retryReasons":[],"startAt":1785131342971,"status":"passed","title":"throws BadRequest when target is the FAMILY_MANAGER"},{"ancestorTitles":["FamiliesService.changeMemberRole"],"duration":1,"failing":false,"failureDetails":[],"failureMessages":[],"fullName":"FamiliesService.changeMemberRole throws NotFound when target is missing or not ACTIVE","invocations":1,"location":null,"numPassingAsserts":2,"retryReasons":[],"startAt":1785131342980,"status":"passed","title":"throws NotFound when target is missing or not ACTIVE"},{"ancestorTitles":["FamiliesService.changeMemberRole"],"duration":1,"failing":false,"failureDetails":[],"failureMessages":[],"fullName":"FamiliesService.changeMemberRole throws NotFound when target member is REMOVED","invocations":1,"location":null,"numPassingAsserts":2,"retryReasons":[],"startAt":1785131342981,"status":"passed","title":"throws NotFound when target member is REMOVED"},{"ancestorTitles":["FamiliesService.changeMemberRole"],"duration":1,"failing":false,"failureDetails":[],"failureMessages":[],"fullName":"FamiliesService.changeMemberRole is idempotent when the member already has the target role","invocations":1,"location":null,"numPassingAsserts":4,"retryReasons":[],"startAt":1785131342982,"status":"passed","title":"is idempotent when the member already has the target role"},{"ancestorTitles":["FamiliesService.transferOwnership"],"duration":1,"failing":false,"failureDetails":[],"failureMessages":[],"fullName":"FamiliesService.transferOwnership swaps roles atomically and notifies both parties","invocations":1,"location":null,"numPassingAsserts":3,"retryReasons":[],"startAt":1785131342984,"status":"passed","title":"swaps roles atomically and notifies both parties"},{"ancestorTitles":["FamiliesService.transferOwnership"],"duration":0,"failing":false,"failureDetails":[],"failureMessages":[],"fullName":"FamiliesService.transferOwnership throws BadRequest when transferring to self","invocations":1,"location":null,"numPassingAsserts":2,"retryReasons":[],"startAt":1785131342985,"status":"passed","title":"throws BadRequest when transferring to self"},{"ancestorTitles":["FamiliesService.transferOwnership"],"duration":0,"failing":false,"failureDetails":[],"failureMessages":[],"fullName":"FamiliesService.transferOwnership throws NotFound when target is missing or not ACTIVE","invocations":1,"location":null,"numPassingAsserts":2,"retryReasons":[],"startAt":1785131342986,"status":"passed","title":"throws NotFound when target is missing or not ACTIVE"}],"endTime":1785131342988,"message":"","name":"D:\\Code\\SEP490\\FAMILY_CARE_DIGITAL_MANAGEMENT\\server\\src\\modules\\families\\families.service.spec.ts","startTime":1785131342447,"status":"passed","summary":""},{"assertionResults":[{"ancestorTitles":["AlbumTagsService"],"duration":3,"failing":false,"failureDetails":[],"failureMessages":[],"fullName":"AlbumTagsService creates a FAMILY SAFE tag and notification in one transaction","invocations":1,"location":null,"numPassingAsserts":4,"retryReasons":[],"startAt":1785131343421,"status":"passed","title":"creates a FAMILY SAFE tag and notification in one transaction"},{"ancestorTitles":["AlbumTagsService"],"duration":2,"failing":false,"failureDetails":[],"failureMessages":[],"fullName":"AlbumTagsService does not notify for self tag and stores empty note as null","invocations":1,"location":null,"numPassingAsserts":2,"retryReasons":[],"startAt":1785131343424,"status":"passed","title":"does not notify for self tag and stores empty note as null"},{"ancestorTitles":["AlbumTagsService"],"duration":1,"failing":false,"failureDetails":[],"failureMessages":[],"fullName":"AlbumTagsService allows PRIVATE only for uploader self-tag","invocations":1,"location":null,"numPassingAsserts":2,"retryReasons":[],"startAt":1785131343426,"status":"passed","title":"allows PRIVATE only for uploader self-tag"},{"ancestorTitles":["AlbumTagsService"],"duration":1,"failing":false,"failureDetails":[],"failureMessages":[],"fullName":"AlbumTagsService rejects MANAGER_ONLY target without media access","invocations":1,"location":null,"numPassingAsserts":1,"retryReasons":[],"startAt":1785131343427,"status":"passed","title":"rejects MANAGER_ONLY target without media access"},{"ancestorTitles":["AlbumTagsService"],"duration":1,"failing":false,"failureDetails":[],"failureMessages":[],"fullName":"AlbumTagsService rejects media that is not taggable: {\"moderationStatus\": \"PENDING\"}","invocations":1,"location":null,"numPassingAsserts":2,"retryReasons":[],"startAt":1785131343428,"status":"passed","title":"rejects media that is not taggable: {\"moderationStatus\": \"PENDING\"}"},{"ancestorTitles":["AlbumTagsService"],"duration":1,"failing":false,"failureDetails":[],"failureMessages":[],"fullName":"AlbumTagsService rejects media that is not taggable: {\"moderationStatus\": \"PROCESSING\"}","invocations":1,"location":null,"numPassingAsserts":2,"retryReasons":[],"startAt":1785131343429,"status":"passed","title":"rejects media that is not taggable: {\"moderationStatus\": \"PROCESSING\"}"},{"ancestorTitles":["AlbumTagsService"],"duration":0,"failing":false,"failureDetails":[],"failureMessages":[],"fullName":"AlbumTagsService rejects media that is not taggable: {\"moderationStatus\": \"NEED_REVIEW\"}","invocations":1,"location":null,"numPassingAsserts":2,"retryReasons":[],"startAt":1785131343430,"status":"passed","title":"rejects media that is not taggable: {\"moderationStatus\": \"NEED_REVIEW\"}"},{"ancestorTitles":["AlbumTagsService"],"duration":1,"failing":false,"failureDetails":[],"failureMessages":[],"fullName":"AlbumTagsService rejects media that is not taggable: {\"moderationStatus\": \"FLAGGED\"}","invocations":1,"location":null,"numPassingAsserts":2,"retryReasons":[],"startAt":1785131343431,"status":"passed","title":"rejects media that is not taggable: {\"moderationStatus\": \"FLAGGED\"}"},{"ancestorTitles":["AlbumTagsService"],"duration":8,"failing":false,"failureDetails":[],"failureMessages":[],"fullName":"AlbumTagsService rejects media that is not taggable: {\"deletedAt\": 2026-07-12T00:00:00.000Z}","invocations":1,"location":null,"numPassingAsserts":2,"retryReasons":[],"startAt":1785131343432,"status":"passed","title":"rejects media that is not taggable: {\"deletedAt\": 2026-07-12T00:00:00.000Z}"},{"ancestorTitles":["AlbumTagsService"],"duration":1,"failing":false,"failureDetails":[],"failureMessages":[],"fullName":"AlbumTagsService rejects a INACTIVE tagged member","invocations":1,"location":null,"numPassingAsserts":1,"retryReasons":[],"startAt":1785131343440,"status":"passed","title":"rejects a INACTIVE tagged member"},{"ancestorTitles":["AlbumTagsService"],"duration":1,"failing":false,"failureDetails":[],"failureMessages":[],"fullName":"AlbumTagsService rejects a REMOVED tagged member","invocations":1,"location":null,"numPassingAsserts":1,"retryReasons":[],"startAt":1785131343441,"status":"passed","title":"rejects a REMOVED tagged member"},{"ancestorTitles":["AlbumTagsService"],"duration":1,"failing":false,"failureDetails":[],"failureMessages":[],"fullName":"AlbumTagsService returns 404 for cross-family media or tagged member","invocations":1,"location":null,"numPassingAsserts":3,"retryReasons":[],"startAt":1785131343442,"status":"passed","title":"returns 404 for cross-family media or tagged member"},{"ancestorTitles":["AlbumTagsService"],"duration":1,"failing":false,"failureDetails":[],"failureMessages":[],"fullName":"AlbumTagsService maps duplicate P2002 to Conflict without notification","invocations":1,"location":null,"numPassingAsserts":2,"retryReasons":[],"startAt":1785131343443,"status":"passed","title":"maps duplicate P2002 to Conflict without notification"},{"ancestorTitles":["AlbumTagsService"],"duration":2,"failing":false,"failureDetails":[],"failureMessages":[],"fullName":"AlbumTagsService lists member status and compact remove permission","invocations":1,"location":null,"numPassingAsserts":3,"retryReasons":[],"startAt":1785131343445,"status":"passed","title":"lists member status and compact remove permission"},{"ancestorTitles":["AlbumTagsService"],"duration":1,"failing":false,"failureDetails":[],"failureMessages":[],"fullName":"AlbumTagsService allows requester to remove the tag","invocations":1,"location":null,"numPassingAsserts":2,"retryReasons":[],"startAt":1785131343447,"status":"passed","title":"allows requester to remove the tag"},{"ancestorTitles":["AlbumTagsService"],"duration":1,"failing":false,"failureDetails":[],"failureMessages":[],"fullName":"AlbumTagsService allows tagged to remove the tag","invocations":1,"location":null,"numPassingAsserts":2,"retryReasons":[],"startAt":1785131343449,"status":"passed","title":"allows tagged to remove the tag"},{"ancestorTitles":["AlbumTagsService"],"duration":0,"failing":false,"failureDetails":[],"failureMessages":[],"fullName":"AlbumTagsService allows uploader to remove the tag","invocations":1,"location":null,"numPassingAsserts":2,"retryReasons":[],"startAt":1785131343450,"status":"passed","title":"allows uploader to remove the tag"},{"ancestorTitles":["AlbumTagsService"],"duration":0,"failing":false,"failureDetails":[],"failureMessages":[],"fullName":"AlbumTagsService allows manager to remove the tag","invocations":1,"location":null,"numPassingAsserts":2,"retryReasons":[],"startAt":1785131343451,"status":"passed","title":"allows manager to remove the tag"},{"ancestorTitles":["AlbumTagsService"],"duration":0,"failing":false,"failureDetails":[],"failureMessages":[],"fullName":"AlbumTagsService allows deputy to remove the tag","invocations":1,"location":null,"numPassingAsserts":2,"retryReasons":[],"startAt":1785131343452,"status":"passed","title":"allows deputy to remove the tag"},{"ancestorTitles":["AlbumTagsService"],"duration":1,"failing":false,"failureDetails":[],"failureMessages":[],"fullName":"AlbumTagsService denies unrelated member from removing the tag","invocations":1,"location":null,"numPassingAsserts":2,"retryReasons":[],"startAt":1785131343453,"status":"passed","title":"denies unrelated member from removing the tag"}],"endTime":1785131343455,"message":"","name":"D:\\Code\\SEP490\\FAMILY_CARE_DIGITAL_MANAGEMENT\\server\\src\\modules\\albums\\album-tags.service.spec.ts","startTime":1785131342994,"status":"passed","summary":""},{"assertionResults":[{"ancestorTitles":["FinanceService budget planning"],"duration":2,"failing":false,"failureDetails":[],"failureMessages":[],"fullName":"FinanceService budget planning rejects a budget line without a category or jar","invocations":1,"location":null,"numPassingAsserts":1,"retryReasons":[],"startAt":1785131343952,"status":"passed","title":"rejects a budget line without a category or jar"},{"ancestorTitles":["FinanceService budget planning"],"duration":1,"failing":false,"failureDetails":[],"failureMessages":[],"fullName":"FinanceService budget planning rejects a category that does not belong to the family","invocations":1,"location":null,"numPassingAsserts":1,"retryReasons":[],"startAt":1785131343955,"status":"passed","title":"rejects a category that does not belong to the family"},{"ancestorTitles":["FinanceService 
[...]
mPassingAsserts":1,"retryReasons":[],"startAt":1785131350302,"status":"passed","title":"accepts valid MP4 signature"},{"ancestorTitles":["validateAlbumFile"],"duration":7,"failing":false,"failureDetails":[],"failureMessages":[],"fullName":"validateAlbumFile rejects a declared MIME that does not match magic bytes","invocations":1,"location":null,"numPassingAsserts":1,"retryReasons":[],"startAt":1785131350303,"status":"passed","title":"rejects a declared MIME that does not match magic bytes"},{"ancestorTitles":["validateAlbumFile"],"duration":1,"failing":false,"failureDetails":[],"failureMessages":[],"fullName":"validateAlbumFile rejects unsupported MIME","invocations":1,"location":null,"numPassingAsserts":1,"retryReasons":[],"startAt":1785131350310,"status":"passed","title":"rejects unsupported MIME"},{"ancestorTitles":["validateAlbumFile"],"duration":0,"failing":false,"failureDetails":[],"failureMessages":[],"fullName":"validateAlbumFile rejects invalid magic bytes","invocations":1,"location":null,"numPassingAsserts":1,"retryReasons":[],"startAt":1785131350312,"status":"passed","title":"rejects invalid magic bytes"},{"ancestorTitles":["validateAlbumFile"],"duration":1,"failing":false,"failureDetails":[],"failureMessages":[],"fullName":"validateAlbumFile rejects photos larger than 10MB","invocations":1,"location":null,"numPassingAsserts":1,"retryReasons":[],"startAt":1785131350313,"status":"passed","title":"rejects photos larger than 10MB"},{"ancestorTitles":["validateAlbumFile"],"duration":1,"failing":false,"failureDetails":[],"failureMessages":[],"fullName":"validateAlbumFile rejects videos larger than 20MB","invocations":1,"location":null,"numPassingAsserts":1,"retryReasons":[],"startAt":1785131350314,"status":"passed","title":"rejects videos larger than 20MB"}],"endTime":1785131350316,"message":"","name":"D:\\Code\\SEP490\\FAMILY_CARE_DIGITAL_MANAGEMENT\\server\\src\\modules\\albums\\album-media.validator.spec.ts","startTime":1785131350119,"status":"passed","summary":""},{"assertionResults":[{"ancestorTitles":["VerifiedGuard"],"duration":2,"failing":false,"failureDetails":[],"failureMessages":[],"fullName":"VerifiedGuard cho qua khi user đã VERIFIED","invocations":1,"location":null,"numPassingAsserts":1,"retryReasons":[],"startAt":1785131350510,"status":"passed","title":"cho qua khi user đã VERIFIED"},{"ancestorTitles":["VerifiedGuard"],"duration":5,"failing":false,"failureDetails":[],"failureMessages":[],"fullName":"VerifiedGuard chặn khi user UNVERIFIED","invocations":1,"location":null,"numPassingAsserts":1,"retryReasons":[],"startAt":1785131350512,"status":"passed","title":"chặn khi user UNVERIFIED"},{"ancestorTitles":["VerifiedGuard"],"duration":1,"failing":false,"failureDetails":[],"failureMessages":[],"fullName":"VerifiedGuard chặn khi không có user","invocations":1,"location":null,"numPassingAsserts":1,"retryReasons":[],"startAt":1785131350517,"status":"passed","title":"chặn khi không có user"}],"endTime":1785131350519,"message":"","name":"D:\\Code\\SEP490\\FAMILY_CARE_DIGITAL_MANAGEMENT\\server\\src\\modules\\auth\\guards\\verified.guard.spec.ts","startTime":1785131350322,"status":"passed","summary":""},{"assertionResults":[{"ancestorTitles":["FirebaseAuthService"],"duration":7,"failing":false,"failureDetails":[],"failureMessages":[],"fullName":"FirebaseAuthService throws 503 when FIREBASE_SERVICE_ACCOUNT is empty","invocations":1,"location":null,"numPassingAsserts":2,"retryReasons":[],"startAt":1785131350733,"status":"passed","title":"throws 503 when FIREBASE_SERVICE_ACCOUNT is empty"},{"ancestorTitles":["FirebaseAuthService"],"duration":2,"failing":false,"failureDetails":[],"failureMessages":[],"fullName":"FirebaseAuthService returns the decoded token when Firebase accepts it","invocations":1,"location":null,"numPassingAsserts":2,"retryReasons":[],"startAt":1785131350740,"status":"passed","title":"returns the decoded token when Firebase accepts it"},{"ancestorTitles":["FirebaseAuthService"],"duration":1,"failing":false,"failureDetails":[],"failureMessages":[],"fullName":"FirebaseAuthService maps Firebase verification errors to 401 with a Vietnamese message","invocations":1,"location":null,"numPassingAsserts":1,"retryReasons":[],"startAt":1785131350742,"status":"passed","title":"maps Firebase verification errors to 401 with a Vietnamese message"}],"endTime":1785131350744,"message":"","name":"D:\\Code\\SEP490\\FAMILY_CARE_DIGITAL_MANAGEMENT\\server\\src\\modules\\auth\\firebase-auth.service.spec.ts","startTime":1785131350527,"status":"passed","summary":""},{"assertionResults":[{"ancestorTitles":["LocationsService","listFamilyLocations"],"duration":2,"failing":false,"failureDetails":[],"failureMessages":[],"fullName":"LocationsService listFamilyLocations returns the latest point per sharing member in the map shape","invocations":1,"location":null,"numPassingAsserts":1,"retryReasons":[],"startAt":1785131350940,"status":"passed","title":"returns the latest point per sharing member in the map shape"},{"ancestorTitles":["LocationsService","listFamilyLocations"],"duration":1,"failing":false,"failureDetails":[],"failureMessages":[],"fullName":"LocationsService listFamilyLocations only queries ACTIVE members that enabled sharing","invocations":1,"location":null,"numPassingAsserts":1,"retryReasons":[],"startAt":1785131350943,"status":"passed","title":"only queries ACTIVE members that enabled sharing"},{"ancestorTitles":["LocationsService","listFamilyLocations"],"duration":1,"failing":false,"failureDetails":[],"failureMessages":[],"fullName":"LocationsService listFamilyLocations skips sharing members that have no location point yet","invocations":1,"location":null,"numPassingAsserts":1,"retryReasons":[],"startAt":1785131350944,"status":"passed","title":"skips sharing members that have no location point yet"},{"ancestorTitles":["LocationsService","listFamilyLocations"],"duration":1,"failing":false,"failureDetails":[],"failureMessages":[],"fullName":"LocationsService listFamilyLocations prefers the per-family displayName over the account fullName","invocations":1,"location":null,"numPassingAsserts":1,"retryReasons":[],"startAt":1785131350945,"status":"passed","title":"prefers the per-family displayName over the account fullName"},{"ancestorTitles":["LocationsService","pushMyLocation"],"duration":3,"failing":false,"failureDetails":[],"failureMessages":[],"fullName":"LocationsService pushMyLocation inserts a MOBILE_GPS point for the calling member","invocations":1,"location":null,"numPassingAsserts":2,"retryReasons":[],"startAt":1785131350947,"status":"passed","title":"inserts a MOBILE_GPS point for the calling member"},{"ancestorTitles":["LocationsService","pushMyLocation"],"duration":1,"failing":false,"failureDetails":[],"failureMessages":[],"fullName":"LocationsService pushMyLocation prunes stale history of the member after inserting","invocations":1,"location":null,"numPassingAsserts":1,"retryReasons":[],"startAt":1785131350951,"status":"passed","title":"prunes stale history of the member after inserting"},{"ancestorTitles":["LocationsService","setMyLocationSharing"],"duration":1,"failing":false,"failureDetails":[],"failureMessages":[],"fullName":"LocationsService setMyLocationSharing updates the sharing flag of the calling member","invocations":1,"location":null,"numPassingAsserts":2,"retryReasons":[],"startAt":1785131350953,"status":"passed","title":"updates the sharing flag of the calling member"}],"endTime":1785131350956,"message":"","name":"D:\\Code\\SEP490\\FAMILY_CARE_DIGITAL_MANAGEMENT\\server\\src\\modules\\locations\\locations.service.spec.ts","startTime":1785131350753,"status":"passed","summary":""},{"assertionResults":[{"ancestorTitles":["FcmNotificationChannel"],"duration":2,"failing":false,"failureDetails":[],"failureMessages":[],"fullName":"FcmNotificationChannel gửi 1 message/token của user nhận, priority CRITICAL → android high","invocations":1,"location":null,"numPassingAsserts":3,"retryReasons":[],"startAt":1785131351186,"status":"passed","title":"gửi 1 message/token của user nhận, priority CRITICAL → android high"},{"ancestorTitles":["FcmNotificationChannel"],"duration":1,"failing":false,"failureDetails":[],"failureMessages":[],"fullName":"FcmNotificationChannel SOS_ALERT → channel sos_alerts, data mang cả title/body cho FE render","invocations":1,"location":null,"numPassingAsserts":1,"retryReasons":[],"startAt":1785131351188,"status":"passed","title":"SOS_ALERT → channel sos_alerts, data mang cả title/body cho FE render"},{"ancestorTitles":["FcmNotificationChannel"],"duration":0,"failing":false,"failureDetails":[],"failureMessages":[],"fullName":"FcmNotificationChannel notification thường → channel general_notifications, priority normal","invocations":1,"location":null,"numPassingAsserts":1,"retryReasons":[],"startAt":1785131351190,"status":"passed","title":"notification thường → channel general_notifications, priority normal"},{"ancestorTitles":["FcmNotificationChannel"],"duration":1,"failing":false,"failureDetails":[],"failureMessages":[],"fullName":"FcmNotificationChannel token bị báo not-registered → xóa khỏi device_tokens","invocations":1,"location":null,"numPassingAsserts":1,"retryReasons":[],"startAt":1785131351191,"status":"passed","title":"token bị báo not-registered → xóa khỏi device_tokens"},{"ancestorTitles":["FcmNotificationChannel"],"duration":1,"failing":false,"failureDetails":[],"failureMessages":[],"fullName":"FcmNotificationChannel thiếu FIREBASE_SERVICE_ACCOUNT → disabled, không gửi, không throw","invocations":1,"location":null,"numPassingAsserts":1,"retryReasons":[],"startAt":1785131351192,"status":"passed","title":"thiếu FIREBASE_SERVICE_ACCOUNT → disabled, không gửi, không throw"}],"endTime":1785131351195,"message":"","name":"D:\\Code\\SEP490\\FAMILY_CARE_DIGITAL_MANAGEMENT\\server\\src\\modules\\notifications\\dispatcher\\fcm-notification.channel.spec.ts","startTime":1785131350961,"status":"passed","summary":""},{"assertionResults":[{"ancestorTitles":["DevicesService"],"duration":2,"failing":false,"failureDetails":[],"failureMessages":[],"fullName":"DevicesService register upsert theo token, đổi chủ khi user khác đăng nhập cùng máy","invocations":1,"location":null,"numPassingAsserts":1,"retryReasons":[],"startAt":1785131351394,"status":"passed","title":"register upsert theo token, đổi chủ khi user khác đăng nhập cùng máy"},{"ancestorTitles":["DevicesService"],"duration":1,"failing":false,"failureDetails":[],"failureMessages":[],"fullName":"DevicesService remove chỉ xóa token thuộc user hiện tại","invocations":1,"location":null,"numPassingAsserts":1,"retryReasons":[],"startAt":1785131351396,"status":"passed","title":"remove chỉ xóa token thuộc user hiện tại"}],"endTime":1785131351398,"message":"","name":"D:\\Code\\SEP490\\FAMILY_CARE_DIGITAL_MANAGEMENT\\server\\src\\modules\\devices\\devices.service.spec.ts","startTime":1785131351202,"status":"passed","summary":""},{"assertionResults":[{"ancestorTitles":["AlbumMediaPolicy"],"duration":1,"failing":false,"failureDetails":[],"failureMessages":[],"fullName":"AlbumMediaPolicy allows FAMILY SAFE for members in the family","invocations":1,"location":null,"numPassingAsserts":1,"retryReasons":[],"startAt":1785131351575,"status":"passed","title":"allows FAMILY SAFE for members in the family"},{"ancestorTitles":["AlbumMediaPolicy"],"duration":1,"failing":false,"failureDetails":[],"failureMessages":[],"fullName":"AlbumMediaPolicy limits PRIVATE SAFE to uploader","invocations":1,"location":null,"numPassingAsserts":2,"retryReasons":[],"startAt":1785131351576,"status":"passed","title":"limits PRIVATE SAFE to uploader"},{"ancestorTitles":["AlbumMediaPolicy"],"duration":4,"failing":false,"failureDetails":[],"failureMessages":[],"fullName":"AlbumMediaPolicy allows MANAGER_ONLY SAFE for uploader, manager and deputy","invocations":1,"location":null,"numPassingAsserts":4,"retryReasons":[],"startAt":1785131351577,"status":"passed","title":"allows MANAGER_ONLY SAFE for uploader, manager and deputy"},{"ancestorTitles":["AlbumMediaPolicy"],"duration":0,"failing":false,"failureDetails":[],"failureMessages":[],"fullName":"AlbumMediaPolicy lets uploader and managers access PENDING regardless of visibility","invocations":1,"location":null,"numPassingAsserts":4,"retryReasons":[],"startAt":1785131351582,"status":"passed","title":"lets uploader and managers access PENDING regardless of visibility"},{"ancestorTitles":["AlbumMediaPolicy"],"duration":1,"failing":false,"failureDetails":[],"failureMessages":[],"fullName":"AlbumMediaPolicy lets uploader and managers access PROCESSING regardless of visibility","invocations":1,"location":null,"numPassingAsserts":4,"retryReasons":[],"startAt":1785131351582,"status":"passed","title":"lets uploader and managers access PROCESSING regardless of visibility"},{"ancestorTitles":["AlbumMediaPolicy"],"duration":1,"failing":false,"failureDetails":[],"failureMessages":[],"fullName":"AlbumMediaPolicy returns NEED_REVIEW metadata but no file to uploader","invocations":1,"location":null,"numPassingAsserts":4,"retryReasons":[],"startAt":1785131351583,"status":"passed","title":"returns NEED_REVIEW metadata but no file to uploader"},{"ancestorTitles":["AlbumMediaPolicy"],"duration":1,"failing":false,"failureDetails":[],"failureMessages":[],"fullName":"AlbumMediaPolicy returns FLAGGED metadata but no file to uploader","invocations":1,"location":null,"numPassingAsserts":4,"retryReasons":[],"startAt":1785131351584,"status":"passed","title":"returns FLAGGED metadata but no file to uploader"},{"ancestorTitles":["AlbumMediaPolicy"],"duration":1,"failing":false,"failureDetails":[],"failureMessages":[],"fullName":"AlbumMediaPolicy denies cross-family access","invocations":1,"location":null,"numPassingAsserts":1,"retryReasons":[],"startAt":1785131351585,"status":"passed","title":"denies cross-family access"},{"ancestorTitles":["AlbumMediaPolicy"],"duration":1,"failing":false,"failureDetails":[],"failureMessages":[],"fullName":"AlbumMediaPolicy allows tags only when both members can access a SAFE active media","invocations":1,"location":null,"numPassingAsserts":3,"retryReasons":[],"startAt":1785131351586,"status":"passed","title":"allows tags only when both members can access a SAFE active media"},{"ancestorTitles":["AlbumMediaPolicy"],"duration":1,"failing":false,"failureDetails":[],"failureMessages":[],"fullName":"AlbumMediaPolicy enforces PRIVATE and MANAGER_ONLY access for tagged members","invocations":1,"location":null,"numPassingAsserts":4,"retryReasons":[],"startAt":1785131351587,"status":"passed","title":"enforces PRIVATE and MANAGER_ONLY access for tagged members"},{"ancestorTitles":["AlbumMediaPolicy"],"duration":1,"failing":false,"failureDetails":[],"failureMessages":[],"fullName":"AlbumMediaPolicy allows only tag participant, uploader, manager or deputy to remove","invocations":1,"location":null,"numPassingAsserts":6,"retryReasons":[],"startAt":1785131351589,"status":"passed","title":"allows only tag participant, uploader, manager or deputy to remove"}],"endTime":1785131351591,"message":"","name":"D:\\Code\\SEP490\\FAMILY_CARE_DIGITAL_MANAGEMENT\\server\\src\\modules\\albums\\album-media.policy.spec.ts","startTime":1785131351407,"status":"passed","summary":""},{"assertionResults":[{"ancestorTitles":["FamilyMembersService.remove (soft delete)"],"duration":2,"failing":false,"failureDetails":[],"failureMessages":[],"fullName":"FamilyMembersService.remove (soft delete) soft-deletes by setting status=REMOVED + leftAt, never hard-deletes","invocations":1,"location":null,"numPassingAsserts":5,"retryReasons":[],"startAt":1785131351788,"status":"passed","title":"soft-deletes by setting status=REMOVED + leftAt, never hard-deletes"}],"endTime":1785131351791,"message":"","name":"D:\\Code\\SEP490\\FAMILY_CARE_DIGITAL_MANAGEMENT\\server\\src\\modules\\family-members\\family-members.service.spec.ts","startTime":1785131351599,"status":"passed","summary":""},{"assertionResults":[{"ancestorTitles":["generateInviteCode"],"duration":1,"failing":false,"failureDetails":[],"failureMessages":[],"fullName":"generateInviteCode sinh mã đúng độ dài 8","invocations":1,"location":null,"numPassingAsserts":1,"retryReasons":[],"startAt":1785131351843,"status":"passed","title":"sinh mã đúng độ dài 8"},{"ancestorTitles":["generateInviteCode"],"duration":89,"failing":false,"failureDetails":[],"failureMessages":[],"fullName":"generateInviteCode chỉ dùng ký tự trong alphabet (không I/O/0/1)","invocations":1,"location":null,"numPassingAsserts":1800,"retryReasons":[],"startAt":1785131351845,"status":"passed","title":"chỉ dùng ký tự trong alphabet (không I/O/0/1)"},{"ancestorTitles":["generateInviteCode"],"duration":8,"failing":false,"failureDetails":[],"failureMessages":[],"fullName":"generateInviteCode các mã sinh ra khác nhau (xác suất trùng cực thấp)","invocations":1,"location":null,"numPassingAsserts":1,"retryReasons":[],"startAt":1785131351934,"status":"passed","title":"các mã sinh ra khác nhau (xác suất trùng cực thấp)"}],"endTime":1785131351943,"message":"","name":"D:\\Code\\SEP490\\FAMILY_CARE_DIGITAL_MANAGEMENT\\server\\src\\modules\\families\\invite-code.util.spec.ts","startTime":1785131351800,"status":"passed","summary":""},{"assertionResults":[{"ancestorTitles":["serializeResponse"],"duration":1,"failing":false,"failureDetails":[],"failureMessages":[],"fullName":"serializeResponse converts Decimal values at the top level of an object","invocations":1,"location":null,"numPassingAsserts":1,"retryReasons":[],"startAt":1785131352008,"status":"passed","title":"converts Decimal values at the top level of an object"},{"ancestorTitles":["serializeResponse"],"duration":1,"failing":false,"failureDetails":[],"failureMessages":[],"fullName":"serializeResponse converts Decimal values in nested objects","invocations":1,"location":null,"numPassingAsserts":1,"retryReasons":[],"startAt":1785131352010,"status":"passed","title":"converts Decimal values in nested objects"},{"ancestorTitles":["serializeResponse"],"duration":1,"failing":false,"failureDetails":[],"failureMessages":[],"fullName":"serializeResponse converts Decimal values in arrays","invocations":1,"location":null,"numPassingAsserts":1,"retryReasons":[],"startAt":1785131352011,"status":"passed","title":"converts Decimal values in arrays"},{"ancestorTitles":["serializeResponse"],"duration":1,"failing":false,"failureDetails":[],"failureMessages":[],"fullName":"serializeResponse converts Decimal values in paginated response items","invocations":1,"location":null,"numPassingAsserts":1,"retryReasons":[],"startAt":1785131352012,"status":"passed","title":"converts Decimal values in paginated response items"},{"ancestorTitles":["serializeResponse"],"duration":1,"failing":false,"failureDetails":[],"failureMessages":[],"fullName":"serializeResponse keeps Date instances as Date objects","invocations":1,"location":null,"numPassingAsserts":2,"retryReasons":[],"startAt":1785131352013,"status":"passed","title":"keeps Date instances as Date objects"},{"ancestorTitles":["serializeResponse"],"duration":1,"failing":false,"failureDetails":[],"failureMessages":[],"fullName":"serializeResponse does not change null, undefined, numeric strings, booleans, enums, or numbers","invocations":1,"location":null,"numPassingAsserts":1,"retryReasons":[],"startAt":1785131352014,"status":"passed","title":"does not change null, undefined, numeric strings, booleans, enums, or numbers"},{"ancestorTitles":["serializeResponse"],"duration":1,"failing":false,"failureDetails":[],"failureMessages":[],"fullName":"serializeResponse does not mutate the input object","invocations":1,"location":null,"numPassingAsserts":5,"retryReasons":[],"startAt":1785131352015,"status":"passed","title":"does not mutate the input object"}],"endTime":1785131352017,"message":"","name":"D:\\Code\\SEP490\\FAMILY_CARE_DIGITAL_MANAGEMENT\\server\\src\\common\\utils\\serialize-response.util.spec.ts","startTime":1785131351952,"status":"passed","summary":""}],"wasInterrupted":false}
